<?xml version="1.0" encoding="UTF-8"?>
<testsuite name="com.currenciesdirect.gtg.compliance.dbport.countrycheck.CountryCheckDBServiceImplTest" tests="2" skipped="0" failures="0" errors="0" timestamp="2024-02-04T17:37:32" hostname="ROHINIKHOD" time="0.01">
  <properties/>
  <testcase name="testGetCountryCheckResponse" classname="com.currenciesdirect.gtg.compliance.dbport.countrycheck.CountryCheckDBServiceImplTest" time="0.006"/>
  <testcase name="testForGetCountryCheckResponse" classname="com.currenciesdirect.gtg.compliance.dbport.countrycheck.CountryCheckDBServiceImplTest" time="0.003"/>
  <system-out><![CDATA[]]></system-out>
  <system-err><![CDATA[]]></system-err>
</testsuite>
