<?xml version="1.0" encoding="UTF-8"?>
<testsuite name="com.currenciesdirect.gtg.compliance.core.whitelistbeneficiary.WhitelistBeneficiaryModifierImplTest" tests="8" skipped="0" failures="0" errors="0" timestamp="2024-02-04T17:37:32" hostname="ROHINIKHOD" time="0.028">
  <properties/>
  <testcase name="testDeleteFromWhiteListBeneficiaryData" classname="com.currenciesdirect.gtg.compliance.core.whitelistbeneficiary.WhitelistBeneficiaryModifierImplTest" time="0.013"/>
  <testcase name="testForSaveIntoWhitelistBeneficiaryData" classname="com.currenciesdirect.gtg.compliance.core.whitelistbeneficiary.WhitelistBeneficiaryModifierImplTest" time="0.004"/>
  <testcase name="testForGetWhitelistBeneficiaryData" classname="com.currenciesdirect.gtg.compliance.core.whitelistbeneficiary.WhitelistBeneficiaryModifierImplTest" time="0.002"/>
  <testcase name="testSaveIntoWhitelistBeneficiaryData" classname="com.currenciesdirect.gtg.compliance.core.whitelistbeneficiary.WhitelistBeneficiaryModifierImplTest" time="0.001"/>
  <testcase name="testGetWhitelistBeneficiaryData" classname="com.currenciesdirect.gtg.compliance.core.whitelistbeneficiary.WhitelistBeneficiaryModifierImplTest" time="0.001"/>
  <testcase name="testSearchWhiteListBeneficiaryData" classname="com.currenciesdirect.gtg.compliance.core.whitelistbeneficiary.WhitelistBeneficiaryModifierImplTest" time="0.001"/>
  <testcase name="testForDeleteFromWhiteListBeneficiaryData" classname="com.currenciesdirect.gtg.compliance.core.whitelistbeneficiary.WhitelistBeneficiaryModifierImplTest" time="0.001"/>
  <testcase name="testForSearchWhiteListBeneficiaryData" classname="com.currenciesdirect.gtg.compliance.core.whitelistbeneficiary.WhitelistBeneficiaryModifierImplTest" time="0.002"/>
  <system-out><![CDATA[]]></system-out>
  <system-err><![CDATA[]]></system-err>
</testsuite>
