<?xml version="1.0" encoding="UTF-8"?>
<testsuite name="com.currenciesdirect.gtg.compliance.dbport.blacklist.DBServiceImplTest" tests="11" skipped="0" failures="0" errors="0" timestamp="2024-02-04T17:37:32" hostname="ROHINIKHOD" time="0.184">
  <properties/>
  <testcase name="testForGetAllBlacklistTypes" classname="com.currenciesdirect.gtg.compliance.dbport.blacklist.DBServiceImplTest" time="0.133"/>
  <testcase name="testFordeleteFromBacklist" classname="com.currenciesdirect.gtg.compliance.dbport.blacklist.DBServiceImplTest" time="0.007"/>
  <testcase name="testStpSearchIntoBlacklist" classname="com.currenciesdirect.gtg.compliance.dbport.blacklist.DBServiceImplTest" time="0.007"/>
  <testcase name="testGetAllBlacklistTypes" classname="com.currenciesdirect.gtg.compliance.dbport.blacklist.DBServiceImplTest" time="0.003"/>
  <testcase name="testForUpdateIntoBlacklist" classname="com.currenciesdirect.gtg.compliance.dbport.blacklist.DBServiceImplTest" time="0.004"/>
  <testcase name="testdeleteFromBacklist" classname="com.currenciesdirect.gtg.compliance.dbport.blacklist.DBServiceImplTest" time="0.01"/>
  <testcase name="testForUiSearchIntoBlacklist" classname="com.currenciesdirect.gtg.compliance.dbport.blacklist.DBServiceImplTest" time="0.002"/>
  <testcase name="testUpdateIntoBlacklist" classname="com.currenciesdirect.gtg.compliance.dbport.blacklist.DBServiceImplTest" time="0.005"/>
  <testcase name="testUiSearchIntoBlacklist" classname="com.currenciesdirect.gtg.compliance.dbport.blacklist.DBServiceImplTest" time="0.005"/>
  <testcase name="testSaveIntoBlacklist" classname="com.currenciesdirect.gtg.compliance.dbport.blacklist.DBServiceImplTest" time="0.003"/>
  <testcase name="testForSaveIntoBlacklist" classname="com.currenciesdirect.gtg.compliance.dbport.blacklist.DBServiceImplTest" time="0.002"/>
  <system-out><![CDATA[]]></system-out>
  <system-err><![CDATA[]]></system-err>
</testsuite>
