<?xml version="1.0" encoding="UTF-8"?>
<testsuite name="com.currenciesdirect.gtg.compliance.validator.globalcheck.GlobalCheckValidatorTest" tests="1" skipped="0" failures="0" errors="0" timestamp="2024-02-04T17:37:33" hostname="ROHINIKHOD" time="0.004">
  <properties/>
  <testcase name="testGlobalCheckValidator" classname="com.currenciesdirect.gtg.compliance.validator.globalcheck.GlobalCheckValidatorTest" time="0.004"/>
  <system-out><![CDATA[]]></system-out>
  <system-err><![CDATA[]]></system-err>
</testsuite>
