<?xml version="1.0" encoding="UTF-8"?>
<testsuite name="com.currenciesdirect.gtg.compliance.core.countrycheck.CountryCheckSearchImplTest" tests="2" skipped="0" failures="0" errors="0" timestamp="2024-02-04T17:37:32" hostname="ROHINIKHOD" time="0.358">
  <properties/>
  <testcase name="testGetCountryCheckResponse" classname="com.currenciesdirect.gtg.compliance.core.countrycheck.CountryCheckSearchImplTest" time="0.354"/>
  <testcase name="testForGetCountryCheckResponse" classname="com.currenciesdirect.gtg.compliance.core.countrycheck.CountryCheckSearchImplTest" time="0.004"/>
  <system-out><![CDATA[]]></system-out>
  <system-err><![CDATA[SLF4J: The requested version 1.5.8 by your slf4j binding is not compatible with [1.6, 1.7]
SLF4J: See http://www.slf4j.org/codes.html#version_mismatch for further details.
]]></system-err>
</testsuite>
