<?xml version="1.0" encoding="UTF-8"?>
<testsuite name="com.currenciesdirect.gtg.compliance.dbport.whitelistbeneficiary.WhitelistBeneficiaryDBServiceImplTest" tests="9" skipped="0" failures="0" errors="0" timestamp="2024-02-04T17:37:33" hostname="ROHINIKHOD" time="0.029">
  <properties/>
  <testcase name="testDeleteFromWhiteListBeneficiaryData" classname="com.currenciesdirect.gtg.compliance.dbport.whitelistbeneficiary.WhitelistBeneficiaryDBServiceImplTest" time="0.005"/>
  <testcase name="testForSearchWhiteListBeneficiaryDataToUpdate" classname="com.currenciesdirect.gtg.compliance.dbport.whitelistbeneficiary.WhitelistBeneficiaryDBServiceImplTest" time="0.003"/>
  <testcase name="testSearchWhiteListBeneficiaryDataToUpdate" classname="com.currenciesdirect.gtg.compliance.dbport.whitelistbeneficiary.WhitelistBeneficiaryDBServiceImplTest" time="0.002"/>
  <testcase name="testSaveIntoWhitelistBeneficiary" classname="com.currenciesdirect.gtg.compliance.dbport.whitelistbeneficiary.WhitelistBeneficiaryDBServiceImplTest" time="0.002"/>
  <testcase name="testForGetWhitelistBeneficiaryData" classname="com.currenciesdirect.gtg.compliance.dbport.whitelistbeneficiary.WhitelistBeneficiaryDBServiceImplTest" time="0.003"/>
  <testcase name="testRemoveMillisFromTimeStamp" classname="com.currenciesdirect.gtg.compliance.dbport.whitelistbeneficiary.WhitelistBeneficiaryDBServiceImplTest" time="0.002"/>
  <testcase name="testGetWhitelistBeneficiaryData" classname="com.currenciesdirect.gtg.compliance.dbport.whitelistbeneficiary.WhitelistBeneficiaryDBServiceImplTest" time="0.003"/>
  <testcase name="testSearchWhiteListBeneficiaryData" classname="com.currenciesdirect.gtg.compliance.dbport.whitelistbeneficiary.WhitelistBeneficiaryDBServiceImplTest" time="0.004"/>
  <testcase name="testForSearchWhiteListBeneficiaryData" classname="com.currenciesdirect.gtg.compliance.dbport.whitelistbeneficiary.WhitelistBeneficiaryDBServiceImplTest" time="0.004"/>
  <system-out><![CDATA[]]></system-out>
  <system-err><![CDATA[]]></system-err>
</testsuite>
