<?xml version="1.0" encoding="UTF-8"?>
<testsuite name="com.currenciesdirect.gtg.compliance.core.ServiceTransformerImplTest" tests="6" skipped="0" failures="0" errors="0" timestamp="2024-02-04T17:37:32" hostname="ROHINIKHOD" time="0.013">
  <properties/>
  <testcase name="testTransformTpIpRequest" classname="com.currenciesdirect.gtg.compliance.core.ServiceTransformerImplTest" time="0.004"/>
  <testcase name="testRemoveSpacesAndmakeLowercase" classname="com.currenciesdirect.gtg.compliance.core.ServiceTransformerImplTest" time="0.001"/>
  <testcase name="testGetDomainName" classname="com.currenciesdirect.gtg.compliance.core.ServiceTransformerImplTest" time="0.001"/>
  <testcase name="testTransformToRuleRequest" classname="com.currenciesdirect.gtg.compliance.core.ServiceTransformerImplTest" time="0.001"/>
  <testcase name="testTransformBlacklistSTPResponse" classname="com.currenciesdirect.gtg.compliance.core.ServiceTransformerImplTest" time="0.002"/>
  <testcase name="testTransformToBlacklistSTPRequest" classname="com.currenciesdirect.gtg.compliance.core.ServiceTransformerImplTest" time="0.002"/>
  <system-out><![CDATA[]]></system-out>
  <system-err><![CDATA[]]></system-err>
</testsuite>
