<?xml version="1.0" encoding="UTF-8"?>
<testsuite name="com.currenciesdirect.gtg.compliance.validator.ip.IpValidatorTest" tests="2" skipped="0" failures="0" errors="0" timestamp="2024-02-04T17:37:33" hostname="ROHINIKHOD" time="0.004">
  <properties/>
  <testcase name="testForValidate" classname="com.currenciesdirect.gtg.compliance.validator.ip.IpValidatorTest" time="0.001"/>
  <testcase name="testValidate" classname="com.currenciesdirect.gtg.compliance.validator.ip.IpValidatorTest" time="0.003"/>
  <system-out><![CDATA[]]></system-out>
  <system-err><![CDATA[]]></system-err>
</testsuite>
