<?xml version="1.0" encoding="UTF-8"?>
<testsuite name="com.currenciesdirect.gtg.compliance.dbport.ip.IpDBServiceImplTest" tests="2" skipped="0" failures="0" errors="0" timestamp="2024-02-04T17:37:33" hostname="ROHINIKHOD" time="0.371">
  <properties/>
  <testcase name="testForGetIPProviderInitConfigProperty" classname="com.currenciesdirect.gtg.compliance.dbport.ip.IpDBServiceImplTest" time="0.296"/>
  <testcase name="testGetIPProviderInitConfigProperty" classname="com.currenciesdirect.gtg.compliance.dbport.ip.IpDBServiceImplTest" time="0.075"/>
  <system-out><![CDATA[]]></system-out>
  <system-err><![CDATA[]]></system-err>
</testsuite>
