<?xml version="1.0" encoding="UTF-8"?>
<testsuite name="com.currenciesdirect.gtg.compliance.compliancesrv.dbport.EventDBServiceImplTest" tests="2" skipped="0" failures="0" errors="0" timestamp="2024-02-04T17:37:15" hostname="ROHINIKHOD" time="0.097">
  <properties/>
  <testcase name="testGetServiceName" classname="com.currenciesdirect.gtg.compliance.compliancesrv.dbport.EventDBServiceImplTest" time="0.042"/>
  <testcase name="testcreateEventSerivceLog" classname="com.currenciesdirect.gtg.compliance.compliancesrv.dbport.EventDBServiceImplTest" time="0.055"/>
  <system-out><![CDATA[]]></system-out>
  <system-err><![CDATA[]]></system-err>
</testsuite>
