<?xml version="1.0" encoding="UTF-8"?>
<testsuite name="com.currenciesdirect.gtg.compliance.compliancesrv.core.rules.RegistrationRulesServiceTest" tests="1" skipped="0" failures="0" errors="0" timestamp="2024-02-04T17:37:13" hostname="ROHINIKHOD" time="1.649">
  <properties/>
  <testcase name="testProcess" classname="com.currenciesdirect.gtg.compliance.compliancesrv.core.rules.RegistrationRulesServiceTest" time="1.649"/>
  <system-out><![CDATA[]]></system-out>
  <system-err><![CDATA[SLF4J: The requested version 1.5.8 by your slf4j binding is not compatible with [1.6, 1.7]
SLF4J: See http://www.slf4j.org/codes.html#version_mismatch for further details.
]]></system-err>
</testsuite>
