<?xml version="1.0" encoding="UTF-8"?>
<testsuite name="com.currenciesdirect.gtg.compliance.compliancesrv.dbport.ConfigDBServiceTest" tests="3" skipped="0" failures="0" errors="0" timestamp="2024-02-04T17:37:15" hostname="ROHINIKHOD" time="0.02">
  <properties/>
  <testcase name="testGetUserIdAndName" classname="com.currenciesdirect.gtg.compliance.compliancesrv.dbport.ConfigDBServiceTest" time="0.006"/>
  <testcase name="testGetFullNameFromISOCountryCodes" classname="com.currenciesdirect.gtg.compliance.compliancesrv.dbport.ConfigDBServiceTest" time="0.003"/>
  <testcase name="testGetProviderinitConfigProperties" classname="com.currenciesdirect.gtg.compliance.compliancesrv.dbport.ConfigDBServiceTest" time="0.01"/>
  <system-out><![CDATA[]]></system-out>
  <system-err><![CDATA[]]></system-err>
</testsuite>
