<?xml version="1.0" encoding="UTF-8"?>
<testsuite name="com.currenciesdirect.gtg.compliance.compliancesrv.dbport.NewRegistrationDBServiceImplTest" tests="2" skipped="0" failures="0" errors="0" timestamp="2024-02-04T17:37:15" hostname="ROHINIKHOD" time="0.178">
  <properties/>
  <testcase name="testSaveNewRegistration" classname="com.currenciesdirect.gtg.compliance.compliancesrv.dbport.NewRegistrationDBServiceImplTest" time="0.125"/>
  <testcase name="testUpdateComplianceStatus" classname="com.currenciesdirect.gtg.compliance.compliancesrv.dbport.NewRegistrationDBServiceImplTest" time="0.053"/>
  <system-out><![CDATA[]]></system-out>
  <system-err><![CDATA[]]></system-err>
</testsuite>
