<?xml version="1.0" encoding="UTF-8"?>
<testsuite name="com.currenciesdirect.gtg.compliance.compliancesrv.dbport.ActivityDBServiceImplTest" tests="1" skipped="0" failures="0" errors="0" timestamp="2024-02-04T17:37:15" hostname="ROHINIKHOD" time="0.069">
  <properties/>
  <testcase name="testCreateSTPProfileActivity" classname="com.currenciesdirect.gtg.compliance.compliancesrv.dbport.ActivityDBServiceImplTest" time="0.069"/>
  <system-out><![CDATA[]]></system-out>
  <system-err><![CDATA[]]></system-err>
</testsuite>
