<?xml version="1.0" encoding="UTF-8"?>
<testsuite name="com.currenciesdirect.gtg.compliance.compliancesrv.core.validator.reg.DataValidatorTest" tests="1" skipped="0" failures="0" errors="0" timestamp="2024-02-04T17:37:15" hostname="ROHINIKHOD" time="0.047">
  <properties/>
  <testcase name="testProcess" classname="com.currenciesdirect.gtg.compliance.compliancesrv.core.validator.reg.DataValidatorTest" time="0.047"/>
  <system-out><![CDATA[]]></system-out>
  <system-err><![CDATA[]]></system-err>
</testsuite>
