<?xml version="1.0" encoding="UTF-8"?>
<testsuite name="com.currenciesdirect.gtg.compliance.compliancesrv.dbport.WatchListRulesTest" tests="1" skipped="0" failures="0" errors="0" timestamp="2024-02-04T17:37:15" hostname="ROHINIKHOD" time="0.032">
  <properties/>
  <testcase name="testProcess" classname="com.currenciesdirect.gtg.compliance.compliancesrv.dbport.WatchListRulesTest" time="0.032"/>
  <system-out><![CDATA[]]></system-out>
  <system-err><![CDATA[]]></system-err>
</testsuite>
