<?xml version="1.0" encoding="UTF-8"?>
<testsuite name="com.currenciesdirect.gtg.compliance.compliancesrv.transformer.fundsin.TransactionMonitoringTransformerTest" tests="2" skipped="0" failures="0" errors="0" timestamp="2024-02-04T17:37:15" hostname="ROHINIKHOD" time="0.08">
  <properties/>
  <testcase name="testTransformRequest" classname="com.currenciesdirect.gtg.compliance.compliancesrv.transformer.fundsin.TransactionMonitoringTransformerTest" time="0.079"/>
  <testcase name="testTransformComplianceLog" classname="com.currenciesdirect.gtg.compliance.compliancesrv.transformer.fundsin.TransactionMonitoringTransformerTest" time="0.001"/>
  <system-out><![CDATA[]]></system-out>
  <system-err><![CDATA[]]></system-err>
</testsuite>
