<?xml version="1.0" encoding="UTF-8"?>
<testsuite name="com.currenciesdirect.gtg.compliance.fraugster.fraugsterport.FraugsterTransformerTest" tests="15" skipped="0" failures="0" errors="0" timestamp="2024-02-04T17:37:26" hostname="ROHINIKHOD" time="0.027">
  <properties/>
  <testcase name="testForTransformPaymentsInResponse" classname="com.currenciesdirect.gtg.compliance.fraugster.fraugsterport.FraugsterTransformerTest" time="0.002"/>
  <testcase name="testTransformOnUpdateRequest" classname="com.currenciesdirect.gtg.compliance.fraugster.fraugsterport.FraugsterTransformerTest" time="0.002"/>
  <testcase name="testTransformPaymentsInResponse" classname="com.currenciesdirect.gtg.compliance.fraugster.fraugsterport.FraugsterTransformerTest" time="0.002"/>
  <testcase name="testTransformNewSignupResponse" classname="com.currenciesdirect.gtg.compliance.fraugster.fraugsterport.FraugsterTransformerTest" time="0.002"/>
  <testcase name="testForTransformOnUpdateRequest" classname="com.currenciesdirect.gtg.compliance.fraugster.fraugsterport.FraugsterTransformerTest" time="0.0"/>
  <testcase name="testTransformOnUpdateResponse" classname="com.currenciesdirect.gtg.compliance.fraugster.fraugsterport.FraugsterTransformerTest" time="0.001"/>
  <testcase name="testTransformPaymentsOutResponse" classname="com.currenciesdirect.gtg.compliance.fraugster.fraugsterport.FraugsterTransformerTest" time="0.001"/>
  <testcase name="testForTransformOnUpdateResponse" classname="com.currenciesdirect.gtg.compliance.fraugster.fraugsterport.FraugsterTransformerTest" time="0.001"/>
  <testcase name="testForTransformPaymentsOutRequest" classname="com.currenciesdirect.gtg.compliance.fraugster.fraugsterport.FraugsterTransformerTest" time="0.001"/>
  <testcase name="testForTransformPaymentsInRequest" classname="com.currenciesdirect.gtg.compliance.fraugster.fraugsterport.FraugsterTransformerTest" time="0.001"/>
  <testcase name="testTransformNewSignupRequest" classname="com.currenciesdirect.gtg.compliance.fraugster.fraugsterport.FraugsterTransformerTest" time="0.004"/>
  <testcase name="testTransformPaymentsOutRequest" classname="com.currenciesdirect.gtg.compliance.fraugster.fraugsterport.FraugsterTransformerTest" time="0.002"/>
  <testcase name="testTransformPaymentsInRequest" classname="com.currenciesdirect.gtg.compliance.fraugster.fraugsterport.FraugsterTransformerTest" time="0.001"/>
  <testcase name="testForTransformNewSignupRequest" classname="com.currenciesdirect.gtg.compliance.fraugster.fraugsterport.FraugsterTransformerTest" time="0.002"/>
  <testcase name="testForTransformPaymentsOutResponse" classname="com.currenciesdirect.gtg.compliance.fraugster.fraugsterport.FraugsterTransformerTest" time="0.001"/>
  <system-out><![CDATA[]]></system-out>
  <system-err><![CDATA[]]></system-err>
</testsuite>
