<?xml version="1.0" encoding="UTF-8"?>
<testsuite name="com.currenciesdirect.gtg.compliance.fraugster.fraugsterport.FraudPredictTransformerTest" tests="2" skipped="0" failures="0" errors="0" timestamp="2024-02-04T17:37:26" hostname="ROHINIKHOD" time="0.009">
  <properties/>
  <testcase name="testTransformUpdateResponse" classname="com.currenciesdirect.gtg.compliance.fraugster.fraugsterport.FraudPredictTransformerTest" time="0.008"/>
  <testcase name="testTransformFraudPredictSignupResponse" classname="com.currenciesdirect.gtg.compliance.fraugster.fraugsterport.FraudPredictTransformerTest" time="0.001"/>
  <system-out><![CDATA[]]></system-out>
  <system-err><![CDATA[]]></system-err>
</testsuite>
