<?xml version="1.0" encoding="UTF-8"?>
<testsuite name="com.currenciesdirect.gtg.compliance.fraugster.dbport.FraugsterDBServiceImplTest" tests="2" skipped="0" failures="0" errors="0" timestamp="2024-02-04T17:37:25" hostname="ROHINIKHOD" time="0.927">
  <properties/>
  <testcase name="testForGetFraugsterProviderInitConfigProperty" classname="com.currenciesdirect.gtg.compliance.fraugster.dbport.FraugsterDBServiceImplTest" time="0.823"/>
  <testcase name="testGetFraugsterProviderInitConfigProperty" classname="com.currenciesdirect.gtg.compliance.fraugster.dbport.FraugsterDBServiceImplTest" time="0.104"/>
  <system-out><![CDATA[]]></system-out>
  <system-err><![CDATA[]]></system-err>
</testsuite>
