<?xml version="1.0" encoding="UTF-8"?>
<testsuite name="com.currenciesdirect.gtg.compliance.fraugster.core.validator.FraugsterValidatorTest" tests="8" skipped="0" failures="0" errors="0" timestamp="2024-02-04T17:37:25" hostname="ROHINIKHOD" time="0.126">
  <properties/>
  <testcase name="testForValidateFraugsterSignupRequest" classname="com.currenciesdirect.gtg.compliance.fraugster.core.validator.FraugsterValidatorTest" time="0.117"/>
  <testcase name="testForValidateFraugsterPaymentsInRequest" classname="com.currenciesdirect.gtg.compliance.fraugster.core.validator.FraugsterValidatorTest" time="0.001"/>
  <testcase name="testForValidateFraugsterOnUpdateRequest" classname="com.currenciesdirect.gtg.compliance.fraugster.core.validator.FraugsterValidatorTest" time="0.001"/>
  <testcase name="testValidateFraugsterOnUpdateRequest" classname="com.currenciesdirect.gtg.compliance.fraugster.core.validator.FraugsterValidatorTest" time="0.001"/>
  <testcase name="testForValidateFraugsterPaymentsOutRequest" classname="com.currenciesdirect.gtg.compliance.fraugster.core.validator.FraugsterValidatorTest" time="0.001"/>
  <testcase name="testValidateFraugsterSignupRequest" classname="com.currenciesdirect.gtg.compliance.fraugster.core.validator.FraugsterValidatorTest" time="0.001"/>
  <testcase name="testValidateFraugsterPaymentsOutRequest" classname="com.currenciesdirect.gtg.compliance.fraugster.core.validator.FraugsterValidatorTest" time="0.001"/>
  <testcase name="testValidateFraugsterPaymentsInRequest" classname="com.currenciesdirect.gtg.compliance.fraugster.core.validator.FraugsterValidatorTest" time="0.001"/>
  <system-out><![CDATA[]]></system-out>
  <system-err><![CDATA[SLF4J: The requested version 1.5.8 by your slf4j binding is not compatible with [1.6, 1.7]
SLF4J: See http://www.slf4j.org/codes.html#version_mismatch for further details.
]]></system-err>
</testsuite>
