<?xml version="1.0" encoding="UTF-8"?>
<testsuite name="com.currenciesdirect.gtg.compliance.iam.dbport.IAMDBServiceImplTest" tests="2" skipped="0" failures="0" errors="0" timestamp="2024-02-04T17:36:47" hostname="ROHINIKHOD" time="0.006">
  <properties/>
  <testcase name="testForGetUserRoleDetails" classname="com.currenciesdirect.gtg.compliance.iam.dbport.IAMDBServiceImplTest" time="0.003"/>
  <testcase name="testGetUserRoleDetails" classname="com.currenciesdirect.gtg.compliance.iam.dbport.IAMDBServiceImplTest" time="0.002"/>
  <system-out><![CDATA[]]></system-out>
  <system-err><![CDATA[]]></system-err>
</testsuite>
