<?xml version="1.0" encoding="UTF-8"?>
<testsuite name="com.currenciesdirect.gtg.compliance.core.domain.fraugster.fraudring.FraudRingRequestTest" tests="2" skipped="0" failures="0" errors="0" timestamp="2024-02-04T17:36:41" hostname="ROHINIKHOD" time="0.002">
  <properties/>
  <testcase name="testGetCrmContactId" classname="com.currenciesdirect.gtg.compliance.core.domain.fraugster.fraudring.FraudRingRequestTest" time="0.001"/>
  <testcase name="testSetCrmContactId" classname="com.currenciesdirect.gtg.compliance.core.domain.fraugster.fraudring.FraudRingRequestTest" time="0.0"/>
  <system-out><![CDATA[]]></system-out>
  <system-err><![CDATA[]]></system-err>
</testsuite>
