<?xml version="1.0" encoding="UTF-8"?>
<testsuite name="com.currenciesdirect.gtg.compliance.dbport.report.PaymentInReportDBServiceImplTest" tests="4" skipped="0" failures="0" errors="0" timestamp="2024-02-04T17:36:46" hostname="ROHINIKHOD" time="0.055">
  <properties/>
  <testcase name="testForGetPaymentInQueueWholeData" classname="com.currenciesdirect.gtg.compliance.dbport.report.PaymentInReportDBServiceImplTest" time="0.02"/>
  <testcase name="testGetPaymentInQueueWholeData" classname="com.currenciesdirect.gtg.compliance.dbport.report.PaymentInReportDBServiceImplTest" time="0.004"/>
  <testcase name="testForGetPaymentInReportWithCriteria" classname="com.currenciesdirect.gtg.compliance.dbport.report.PaymentInReportDBServiceImplTest" time="0.007"/>
  <testcase name="testGetPaymentInReportWithCriteria" classname="com.currenciesdirect.gtg.compliance.dbport.report.PaymentInReportDBServiceImplTest" time="0.021"/>
  <system-out><![CDATA[]]></system-out>
  <system-err><![CDATA[]]></system-err>
</testsuite>
