<?xml version="1.0" encoding="UTF-8"?>
<testsuite name="com.currenciesdirect.gtg.compliance.transformer.RegistrationCfxDetailsTransformerTest" tests="1" skipped="0" failures="0" errors="0" timestamp="2024-02-04T17:36:47" hostname="ROHINIKHOD" time="0.049">
  <properties/>
  <testcase name="testTransform" classname="com.currenciesdirect.gtg.compliance.transformer.RegistrationCfxDetailsTransformerTest" time="0.049"/>
  <system-out><![CDATA[]]></system-out>
  <system-err><![CDATA[]]></system-err>
</testsuite>
