<?xml version="1.0" encoding="UTF-8"?>
<testsuite name="com.currenciesdirect.gtg.compliance.httpport.PaymentOutControllerTest" tests="12" skipped="0" failures="0" errors="0" timestamp="2024-02-04T17:36:47" hostname="ROHINIKHOD" time="0.027">
  <properties/>
  <testcase name="testForUpdatePaymentOut" classname="com.currenciesdirect.gtg.compliance.httpport.PaymentOutControllerTest" time="0.006"/>
  <testcase name="testGetPaymentOutViewMoreDetails" classname="com.currenciesdirect.gtg.compliance.httpport.PaymentOutControllerTest" time="0.002"/>
  <testcase name="testGetPaymentOutQueueWithCriteria" classname="com.currenciesdirect.gtg.compliance.httpport.PaymentOutControllerTest" time="0.001"/>
  <testcase name="testUpdatePaymentOut" classname="com.currenciesdirect.gtg.compliance.httpport.PaymentOutControllerTest" time="0.001"/>
  <testcase name="testForGetActivites" classname="com.currenciesdirect.gtg.compliance.httpport.PaymentOutControllerTest" time="0.002"/>
  <testcase name="testForGetPaymentOutViewMoreDetails" classname="com.currenciesdirect.gtg.compliance.httpport.PaymentOutControllerTest" time="0.003"/>
  <testcase name="testForGetPaymentOutQueue" classname="com.currenciesdirect.gtg.compliance.httpport.PaymentOutControllerTest" time="0.0"/>
  <testcase name="testForGetFurtherPaymentOutViewMoreDetails" classname="com.currenciesdirect.gtg.compliance.httpport.PaymentOutControllerTest" time="0.001"/>
  <testcase name="testForGetPaymentOutQueueWithCriteria" classname="com.currenciesdirect.gtg.compliance.httpport.PaymentOutControllerTest" time="0.002"/>
  <testcase name="testGetFurtherPaymentOutViewMoreDetails" classname="com.currenciesdirect.gtg.compliance.httpport.PaymentOutControllerTest" time="0.0"/>
  <testcase name="testGetActivites" classname="com.currenciesdirect.gtg.compliance.httpport.PaymentOutControllerTest" time="0.001"/>
  <testcase name="testGetPaymentOutQueue" classname="com.currenciesdirect.gtg.compliance.httpport.PaymentOutControllerTest" time="0.001"/>
  <system-out><![CDATA[]]></system-out>
  <system-err><![CDATA[]]></system-err>
</testsuite>
