<?xml version="1.0" encoding="UTF-8"?>
<testsuite name="com.currenciesdirect.gtg.compliance.dbport.report.RegistrationReportDBServiceImplTest" tests="4" skipped="0" failures="0" errors="0" timestamp="2024-02-04T17:36:46" hostname="ROHINIKHOD" time="0.05">
  <properties/>
  <testcase name="testGetRegistrationQueueWithCriteria" classname="com.currenciesdirect.gtg.compliance.dbport.report.RegistrationReportDBServiceImplTest" time="0.038"/>
  <testcase name="testForGetRegistrationQueueWholeData" classname="com.currenciesdirect.gtg.compliance.dbport.report.RegistrationReportDBServiceImplTest" time="0.003"/>
  <testcase name="testForGetRegistrationQueueWithCriteria" classname="com.currenciesdirect.gtg.compliance.dbport.report.RegistrationReportDBServiceImplTest" time="0.004"/>
  <testcase name="testGetRegistrationQueueWholeData" classname="com.currenciesdirect.gtg.compliance.dbport.report.RegistrationReportDBServiceImplTest" time="0.005"/>
  <system-out><![CDATA[]]></system-out>
  <system-err><![CDATA[]]></system-err>
</testsuite>
