<?xml version="1.0" encoding="UTF-8"?>
<testsuite name="com.currenciesdirect.gtg.compliance.transformer.RegUpdateTransformerTest" tests="2" skipped="0" failures="0" errors="0" timestamp="2024-02-04T17:36:47" hostname="ROHINIKHOD" time="0.003">
  <properties/>
  <testcase name="testgetActivityLogsForDeletedWatchlist" classname="com.currenciesdirect.gtg.compliance.transformer.RegUpdateTransformerTest" time="0.002"/>
  <testcase name="testtransform" classname="com.currenciesdirect.gtg.compliance.transformer.RegUpdateTransformerTest" time="0.001"/>
  <system-out><![CDATA[]]></system-out>
  <system-err><![CDATA[]]></system-err>
</testsuite>
