<?xml version="1.0" encoding="UTF-8"?>
<testsuite name="com.currenciesdirect.gtg.compliance.httpport.report.ReportControllerTest" tests="20" skipped="0" failures="0" errors="0" timestamp="2024-02-04T17:36:47" hostname="ROHINIKHOD" time="0.094">
  <properties/>
  <testcase name="testGetRegistrationQueueWithCriteria" classname="com.currenciesdirect.gtg.compliance.httpport.report.ReportControllerTest" time="0.016"/>
  <testcase name="testForGetWorkEfficiencyReportWithCriteria" classname="com.currenciesdirect.gtg.compliance.httpport.report.ReportControllerTest" time="0.001"/>
  <testcase name="testGetWorkEfficiencyReportWithCriteria" classname="com.currenciesdirect.gtg.compliance.httpport.report.ReportControllerTest" time="0.001"/>
  <testcase name="testForGetWorkEfficiencyReport" classname="com.currenciesdirect.gtg.compliance.httpport.report.ReportControllerTest" time="0.001"/>
  <testcase name="testGetworkEfficiencyReportInExcelFormat" classname="com.currenciesdirect.gtg.compliance.httpport.report.ReportControllerTest" time="0.008"/>
  <testcase name="testGetPaymentOutQueueWithCriteria" classname="com.currenciesdirect.gtg.compliance.httpport.report.ReportControllerTest" time="0.001"/>
  <testcase name="testForGetPaymentInReportWithCriteria" classname="com.currenciesdirect.gtg.compliance.httpport.report.ReportControllerTest" time="0.002"/>
  <testcase name="testForGetPaymentOutReportWithCriteria" classname="com.currenciesdirect.gtg.compliance.httpport.report.ReportControllerTest" time="0.002"/>
  <testcase name="testGetPaymentOutReportInExcelFormatTest" classname="com.currenciesdirect.gtg.compliance.httpport.report.ReportControllerTest" time="0.017"/>
  <testcase name="testGetRegistrationReportInExcelFormat" classname="com.currenciesdirect.gtg.compliance.httpport.report.ReportControllerTest" time="0.02"/>
  <testcase name="testGetWorkEfficiencyReport" classname="com.currenciesdirect.gtg.compliance.httpport.report.ReportControllerTest" time="0.001"/>
  <testcase name="testForGetPaymentInReport" classname="com.currenciesdirect.gtg.compliance.httpport.report.ReportControllerTest" time="0.001"/>
  <testcase name="testGetPaymentInReport" classname="com.currenciesdirect.gtg.compliance.httpport.report.ReportControllerTest" time="0.001"/>
  <testcase name="testGetPaymentInReportInExcelFormat" classname="com.currenciesdirect.gtg.compliance.httpport.report.ReportControllerTest" time="0.008"/>
  <testcase name="testForGetPaymentOutQueueWithCriteria" classname="com.currenciesdirect.gtg.compliance.httpport.report.ReportControllerTest" time="0.006"/>
  <testcase name="testGetPaymentOutReportWithCriteria" classname="com.currenciesdirect.gtg.compliance.httpport.report.ReportControllerTest" time="0.002"/>
  <testcase name="testGetHolisticViewReport" classname="com.currenciesdirect.gtg.compliance.httpport.report.ReportControllerTest" time="0.001"/>
  <testcase name="testGetRegistrationReport" classname="com.currenciesdirect.gtg.compliance.httpport.report.ReportControllerTest" time="0.001"/>
  <testcase name="testGetPaymentInReportWithCriteria" classname="com.currenciesdirect.gtg.compliance.httpport.report.ReportControllerTest" time="0.001"/>
  <testcase name="testForGetRegistrationQueueWithCriteria" classname="com.currenciesdirect.gtg.compliance.httpport.report.ReportControllerTest" time="0.001"/>
  <system-out><![CDATA[]]></system-out>
  <system-err><![CDATA[]]></system-err>
</testsuite>
