<?xml version="1.0" encoding="UTF-8"?>
<testsuite name="com.currenciesdirect.gtg.compliance.core.domain.savedsearch.SavedSearchServiceImplTest" tests="3" skipped="0" failures="0" errors="0" timestamp="2024-02-04T17:36:41" hostname="ROHINIKHOD" time="0.026">
  <properties/>
  <testcase name="testDeleteSavedSearch" classname="com.currenciesdirect.gtg.compliance.core.domain.savedsearch.SavedSearchServiceImplTest" time="0.017"/>
  <testcase name="testSavedSearch" classname="com.currenciesdirect.gtg.compliance.core.domain.savedsearch.SavedSearchServiceImplTest" time="0.006"/>
  <testcase name="testUpdateSavedSearch" classname="com.currenciesdirect.gtg.compliance.core.domain.savedsearch.SavedSearchServiceImplTest" time="0.003"/>
  <system-out><![CDATA[]]></system-out>
  <system-err><![CDATA[]]></system-err>
</testsuite>
