<?xml version="1.0" encoding="UTF-8"?>
<testsuite name="com.currenciesdirect.gtg.compliance.core.domain.fxtickets.CustomerInstructionDetailsTest" tests="16" skipped="0" failures="0" errors="0" timestamp="2024-02-04T17:36:41" hostname="ROHINIKHOD" time="0.037">
  <properties/>
  <testcase name="testSetCustomerInstructionId" classname="com.currenciesdirect.gtg.compliance.core.domain.fxtickets.CustomerInstructionDetailsTest" time="0.002"/>
  <testcase name="testGetAccountName" classname="com.currenciesdirect.gtg.compliance.core.domain.fxtickets.CustomerInstructionDetailsTest" time="0.0"/>
  <testcase name="testGetCustomerInstructionNumber" classname="com.currenciesdirect.gtg.compliance.core.domain.fxtickets.CustomerInstructionDetailsTest" time="0.0"/>
  <testcase name="testGetOrganizationCode" classname="com.currenciesdirect.gtg.compliance.core.domain.fxtickets.CustomerInstructionDetailsTest" time="0.0"/>
  <testcase name="testGetOrganizationName" classname="com.currenciesdirect.gtg.compliance.core.domain.fxtickets.CustomerInstructionDetailsTest" time="0.001"/>
  <testcase name="testSetAccountNumber" classname="com.currenciesdirect.gtg.compliance.core.domain.fxtickets.CustomerInstructionDetailsTest" time="0.001"/>
  <testcase name="testGetCustomerInstructionId" classname="com.currenciesdirect.gtg.compliance.core.domain.fxtickets.CustomerInstructionDetailsTest" time="0.001"/>
  <testcase name="testGetReference" classname="com.currenciesdirect.gtg.compliance.core.domain.fxtickets.CustomerInstructionDetailsTest" time="0.004"/>
  <testcase name="testSetCustomerInstructionNumber" classname="com.currenciesdirect.gtg.compliance.core.domain.fxtickets.CustomerInstructionDetailsTest" time="0.0"/>
  <testcase name="testGetAccountNumber" classname="com.currenciesdirect.gtg.compliance.core.domain.fxtickets.CustomerInstructionDetailsTest" time="0.0"/>
  <testcase name="testSetAccountName" classname="com.currenciesdirect.gtg.compliance.core.domain.fxtickets.CustomerInstructionDetailsTest" time="0.001"/>
  <testcase name="testSetReference" classname="com.currenciesdirect.gtg.compliance.core.domain.fxtickets.CustomerInstructionDetailsTest" time="0.0"/>
  <testcase name="testSetDealType" classname="com.currenciesdirect.gtg.compliance.core.domain.fxtickets.CustomerInstructionDetailsTest" time="0.001"/>
  <testcase name="testGetDealType" classname="com.currenciesdirect.gtg.compliance.core.domain.fxtickets.CustomerInstructionDetailsTest" time="0.001"/>
  <testcase name="testSetOrganizationCode" classname="com.currenciesdirect.gtg.compliance.core.domain.fxtickets.CustomerInstructionDetailsTest" time="0.0"/>
  <testcase name="testSetOrganizationName" classname="com.currenciesdirect.gtg.compliance.core.domain.fxtickets.CustomerInstructionDetailsTest" time="0.001"/>
  <system-out><![CDATA[]]></system-out>
  <system-err><![CDATA[]]></system-err>
</testsuite>
