<?xml version="1.0" encoding="UTF-8"?>
<testsuite name="com.currenciesdirect.gtg.compliance.core.domain.docupload.DocumentRequestTest" tests="10" skipped="0" failures="0" errors="0" timestamp="2024-02-04T17:36:41" hostname="ROHINIKHOD" time="0.002">
  <properties/>
  <testcase name="testGetCrmAccountID" classname="com.currenciesdirect.gtg.compliance.core.domain.docupload.DocumentRequestTest" time="0.001"/>
  <testcase name="testSetWithDetails" classname="com.currenciesdirect.gtg.compliance.core.domain.docupload.DocumentRequestTest" time="0.0"/>
  <testcase name="testGetOrgCode" classname="com.currenciesdirect.gtg.compliance.core.domain.docupload.DocumentRequestTest" time="0.0"/>
  <testcase name="testSetCrmAccountID" classname="com.currenciesdirect.gtg.compliance.core.domain.docupload.DocumentRequestTest" time="0.0"/>
  <testcase name="testGetCrmContactID" classname="com.currenciesdirect.gtg.compliance.core.domain.docupload.DocumentRequestTest" time="0.0"/>
  <testcase name="testGetWithDetails" classname="com.currenciesdirect.gtg.compliance.core.domain.docupload.DocumentRequestTest" time="0.0"/>
  <testcase name="testSetCrmContactID" classname="com.currenciesdirect.gtg.compliance.core.domain.docupload.DocumentRequestTest" time="0.0"/>
  <testcase name="testSetOrgCode" classname="com.currenciesdirect.gtg.compliance.core.domain.docupload.DocumentRequestTest" time="0.0"/>
  <testcase name="testSetSource" classname="com.currenciesdirect.gtg.compliance.core.domain.docupload.DocumentRequestTest" time="0.0"/>
  <testcase name="testGetSource" classname="com.currenciesdirect.gtg.compliance.core.domain.docupload.DocumentRequestTest" time="0.0"/>
  <system-out><![CDATA[]]></system-out>
  <system-err><![CDATA[]]></system-err>
</testsuite>
