<?xml version="1.0" encoding="UTF-8"?>
<testsuite name="com.currenciesdirect.gtg.compliance.dbport.PaymentInDBServiceImplTest" tests="7" skipped="0" failures="0" errors="0" timestamp="2024-02-04T17:36:46" hostname="ROHINIKHOD" time="0.096">
  <properties/>
  <testcase name="testForGetMoreSanctionDetails" classname="com.currenciesdirect.gtg.compliance.dbport.PaymentInDBServiceImplTest" time="0.007"/>
  <testcase name="testGetMoreSanctionDetails" classname="com.currenciesdirect.gtg.compliance.dbport.PaymentInDBServiceImplTest" time="0.005"/>
  <testcase name="testForGetMoreCustomCheckDetails" classname="com.currenciesdirect.gtg.compliance.dbport.PaymentInDBServiceImplTest" time="0.002"/>
  <testcase name="testForGetMoreFraugsterDetails" classname="com.currenciesdirect.gtg.compliance.dbport.PaymentInDBServiceImplTest" time="0.003"/>
  <testcase name="testGetPaymentInQueueWithCriteria" classname="com.currenciesdirect.gtg.compliance.dbport.PaymentInDBServiceImplTest" time="0.064"/>
  <testcase name="testGetMoreFraugsterDetails" classname="com.currenciesdirect.gtg.compliance.dbport.PaymentInDBServiceImplTest" time="0.003"/>
  <testcase name="testGetMoreCustomCheckDetails" classname="com.currenciesdirect.gtg.compliance.dbport.PaymentInDBServiceImplTest" time="0.011"/>
  <system-out><![CDATA[]]></system-out>
  <system-err><![CDATA[]]></system-err>
</testsuite>
