<?xml version="1.0" encoding="UTF-8"?>
<testsuite name="com.currenciesdirect.gtg.compliance.httpport.dataanonymisation.DataAnonymisationControllerTest" tests="8" skipped="0" failures="0" errors="0" timestamp="2024-02-04T17:36:47" hostname="ROHINIKHOD" time="0.062">
  <properties/>
  <testcase name="testGetDataAnonymize" classname="com.currenciesdirect.gtg.compliance.httpport.dataanonymisation.DataAnonymisationControllerTest" time="0.016"/>
  <testcase name="testGetRegistrationDetails" classname="com.currenciesdirect.gtg.compliance.httpport.dataanonymisation.DataAnonymisationControllerTest" time="0.034"/>
  <testcase name="testGetDataAnonymisationQueue" classname="com.currenciesdirect.gtg.compliance.httpport.dataanonymisation.DataAnonymisationControllerTest" time="0.006"/>
  <testcase name="testForGetDataAnonymisationWithCriteria" classname="com.currenciesdirect.gtg.compliance.httpport.dataanonymisation.DataAnonymisationControllerTest" time="0.002"/>
  <testcase name="testCancelDataAnonymisation" classname="com.currenciesdirect.gtg.compliance.httpport.dataanonymisation.DataAnonymisationControllerTest" time="0.001"/>
  <testcase name="testGetDataAnonymisationWithCriteria" classname="com.currenciesdirect.gtg.compliance.httpport.dataanonymisation.DataAnonymisationControllerTest" time="0.001"/>
  <testcase name="testForGetDataAnonHistory" classname="com.currenciesdirect.gtg.compliance.httpport.dataanonymisation.DataAnonymisationControllerTest" time="0.002"/>
  <testcase name="testGetDataAnonHistory" classname="com.currenciesdirect.gtg.compliance.httpport.dataanonymisation.DataAnonymisationControllerTest" time="0.0"/>
  <system-out><![CDATA[]]></system-out>
  <system-err><![CDATA[]]></system-err>
</testsuite>
