<?xml version="1.0" encoding="UTF-8"?>
<testsuite name="com.currenciesdirect.gtg.compliance.core.domain.fxtickets.FxTicketDetailRequestListTest" tests="2" skipped="0" failures="0" errors="0" timestamp="2024-02-04T17:36:41" hostname="ROHINIKHOD" time="0.003">
  <properties/>
  <testcase name="testGetFxTicketPayload" classname="com.currenciesdirect.gtg.compliance.core.domain.fxtickets.FxTicketDetailRequestListTest" time="0.002"/>
  <testcase name="testSetFxTicketPayload" classname="com.currenciesdirect.gtg.compliance.core.domain.fxtickets.FxTicketDetailRequestListTest" time="0.0"/>
  <system-out><![CDATA[]]></system-out>
  <system-err><![CDATA[]]></system-err>
</testsuite>
