<?xml version="1.0" encoding="UTF-8"?>
<testsuite name="com.currenciesdirect.gtg.compliance.core.domain.wallets.WalletDetailsTest" tests="12" skipped="0" failures="0" errors="0" timestamp="2024-02-04T17:36:41" hostname="ROHINIKHOD" time="0.003">
  <properties/>
  <testcase name="testGetWalletCurrency" classname="com.currenciesdirect.gtg.compliance.core.domain.wallets.WalletDetailsTest" time="0.0"/>
  <testcase name="testGetAvailableBalance" classname="com.currenciesdirect.gtg.compliance.core.domain.wallets.WalletDetailsTest" time="0.0"/>
  <testcase name="testSetTotalBalance" classname="com.currenciesdirect.gtg.compliance.core.domain.wallets.WalletDetailsTest" time="0.0"/>
  <testcase name="testSetWalletNumber" classname="com.currenciesdirect.gtg.compliance.core.domain.wallets.WalletDetailsTest" time="0.0"/>
  <testcase name="testSetWalletTotalBalance" classname="com.currenciesdirect.gtg.compliance.core.domain.wallets.WalletDetailsTest" time="0.0"/>
  <testcase name="testSetAvailableBalance" classname="com.currenciesdirect.gtg.compliance.core.domain.wallets.WalletDetailsTest" time="0.0"/>
  <testcase name="testGetWalletAvailableBalance" classname="com.currenciesdirect.gtg.compliance.core.domain.wallets.WalletDetailsTest" time="0.0"/>
  <testcase name="testSetWalletCurrency" classname="com.currenciesdirect.gtg.compliance.core.domain.wallets.WalletDetailsTest" time="0.0"/>
  <testcase name="testGetTotalBalance" classname="com.currenciesdirect.gtg.compliance.core.domain.wallets.WalletDetailsTest" time="0.0"/>
  <testcase name="testGetWalletTotalBalance" classname="com.currenciesdirect.gtg.compliance.core.domain.wallets.WalletDetailsTest" time="0.0"/>
  <testcase name="testSetWalletAvailableBalance" classname="com.currenciesdirect.gtg.compliance.core.domain.wallets.WalletDetailsTest" time="0.0"/>
  <testcase name="testGetWalletNumber" classname="com.currenciesdirect.gtg.compliance.core.domain.wallets.WalletDetailsTest" time="0.001"/>
  <system-out><![CDATA[]]></system-out>
  <system-err><![CDATA[]]></system-err>
</testsuite>
