<?xml version="1.0" encoding="UTF-8"?>
<testsuite name="com.currenciesdirect.gtg.compliance.dbport.report.PaymentOutReportDBServiceImplTest" tests="4" skipped="0" failures="0" errors="0" timestamp="2024-02-04T17:36:46" hostname="ROHINIKHOD" time="0.087">
  <properties/>
  <testcase name="testForGetPaymentOutReportWithCriteria" classname="com.currenciesdirect.gtg.compliance.dbport.report.PaymentOutReportDBServiceImplTest" time="0.015"/>
  <testcase name="testGetPaymentOutReportWithCriteria" classname="com.currenciesdirect.gtg.compliance.dbport.report.PaymentOutReportDBServiceImplTest" time="0.039"/>
  <testcase name="testForGetPaymentOutQueueWholeData" classname="com.currenciesdirect.gtg.compliance.dbport.report.PaymentOutReportDBServiceImplTest" time="0.004"/>
  <testcase name="testGetPaymentOutQueueWholeData" classname="com.currenciesdirect.gtg.compliance.dbport.report.PaymentOutReportDBServiceImplTest" time="0.028"/>
  <system-out><![CDATA[]]></system-out>
  <system-err><![CDATA[]]></system-err>
</testsuite>
