<?xml version="1.0" encoding="UTF-8"?>
<testsuite name="com.currenciesdirect.gtg.compliance.core.domain.dataanonymisation.DataAnonymizationServiceRequestTest" tests="4" skipped="0" failures="0" errors="0" timestamp="2024-02-04T17:36:40" hostname="ROHINIKHOD" time="0.0">
  <properties/>
  <testcase name="testGetOrgCode" classname="com.currenciesdirect.gtg.compliance.core.domain.dataanonymisation.DataAnonymizationServiceRequestTest" time="0.0"/>
  <testcase name="testGetAccount" classname="com.currenciesdirect.gtg.compliance.core.domain.dataanonymisation.DataAnonymizationServiceRequestTest" time="0.0"/>
  <testcase name="testSetOrgCode" classname="com.currenciesdirect.gtg.compliance.core.domain.dataanonymisation.DataAnonymizationServiceRequestTest" time="0.0"/>
  <testcase name="testSetAccount" classname="com.currenciesdirect.gtg.compliance.core.domain.dataanonymisation.DataAnonymizationServiceRequestTest" time="0.0"/>
  <system-out><![CDATA[]]></system-out>
  <system-err><![CDATA[]]></system-err>
</testsuite>
