<?xml version="1.0" encoding="UTF-8"?>
<testsuite name="com.currenciesdirect.gtg.compliance.core.domain.docupload.DocumentTest" tests="18" skipped="0" failures="0" errors="0" timestamp="2024-02-04T17:36:41" hostname="ROHINIKHOD" time="0.006">
  <properties/>
  <testcase name="testSetCreatedBy" classname="com.currenciesdirect.gtg.compliance.core.domain.docupload.DocumentTest" time="0.001"/>
  <testcase name="testGetNote" classname="com.currenciesdirect.gtg.compliance.core.domain.docupload.DocumentTest" time="0.0"/>
  <testcase name="testGetDocumentName" classname="com.currenciesdirect.gtg.compliance.core.domain.docupload.DocumentTest" time="0.001"/>
  <testcase name="testGetDocumentType" classname="com.currenciesdirect.gtg.compliance.core.domain.docupload.DocumentTest" time="0.0"/>
  <testcase name="testGetCrmContactID" classname="com.currenciesdirect.gtg.compliance.core.domain.docupload.DocumentTest" time="0.0"/>
  <testcase name="testGetAuthorized" classname="com.currenciesdirect.gtg.compliance.core.domain.docupload.DocumentTest" time="0.0"/>
  <testcase name="testGetDocumentId" classname="com.currenciesdirect.gtg.compliance.core.domain.docupload.DocumentTest" time="0.0"/>
  <testcase name="testSetAuthorized" classname="com.currenciesdirect.gtg.compliance.core.domain.docupload.DocumentTest" time="0.002"/>
  <testcase name="testSetDocumentName" classname="com.currenciesdirect.gtg.compliance.core.domain.docupload.DocumentTest" time="0.0"/>
  <testcase name="testSetDocumentType" classname="com.currenciesdirect.gtg.compliance.core.domain.docupload.DocumentTest" time="0.0"/>
  <testcase name="testSetCrmContactID" classname="com.currenciesdirect.gtg.compliance.core.domain.docupload.DocumentTest" time="0.0"/>
  <testcase name="testGetUrl" classname="com.currenciesdirect.gtg.compliance.core.domain.docupload.DocumentTest" time="0.0"/>
  <testcase name="testSetCategory" classname="com.currenciesdirect.gtg.compliance.core.domain.docupload.DocumentTest" time="0.001"/>
  <testcase name="testGetCategory" classname="com.currenciesdirect.gtg.compliance.core.domain.docupload.DocumentTest" time="0.0"/>
  <testcase name="testSetDocumentId" classname="com.currenciesdirect.gtg.compliance.core.domain.docupload.DocumentTest" time="0.0"/>
  <testcase name="testSetNote" classname="com.currenciesdirect.gtg.compliance.core.domain.docupload.DocumentTest" time="0.0"/>
  <testcase name="testGetCreatedBy" classname="com.currenciesdirect.gtg.compliance.core.domain.docupload.DocumentTest" time="0.0"/>
  <testcase name="testSetUrl" classname="com.currenciesdirect.gtg.compliance.core.domain.docupload.DocumentTest" time="0.0"/>
  <system-out><![CDATA[]]></system-out>
  <system-err><![CDATA[]]></system-err>
</testsuite>
