<?xml version="1.0" encoding="UTF-8"?>
<testsuite name="com.currenciesdirect.gtg.compliance.dbport.report.SavedSearchDBServiceImplTest" tests="3" skipped="0" failures="0" errors="0" timestamp="2024-02-04T17:36:46" hostname="ROHINIKHOD" time="0.023">
  <properties/>
  <testcase name="testDeleteSavedSearch" classname="com.currenciesdirect.gtg.compliance.dbport.report.SavedSearchDBServiceImplTest" time="0.02"/>
  <testcase name="testSavedSearch" classname="com.currenciesdirect.gtg.compliance.dbport.report.SavedSearchDBServiceImplTest" time="0.001"/>
  <testcase name="testUpdateSavedSearch" classname="com.currenciesdirect.gtg.compliance.dbport.report.SavedSearchDBServiceImplTest" time="0.001"/>
  <system-out><![CDATA[]]></system-out>
  <system-err><![CDATA[]]></system-err>
</testsuite>
