<?xml version="1.0" encoding="UTF-8"?>
<testsuite name="com.currenciesdirect.gtg.compliance.httpport.CommonControllerTest" tests="3" skipped="0" failures="0" errors="0" timestamp="2024-02-04T17:36:47" hostname="ROHINIKHOD" time="0.05">
  <properties/>
  <testcase name="testGetAdministration" classname="com.currenciesdirect.gtg.compliance.httpport.CommonControllerTest" time="0.033"/>
  <testcase name="testGetDashBoard" classname="com.currenciesdirect.gtg.compliance.httpport.CommonControllerTest" time="0.001"/>
  <testcase name="testUnauthorized" classname="com.currenciesdirect.gtg.compliance.httpport.CommonControllerTest" time="0.016"/>
  <system-out><![CDATA[]]></system-out>
  <system-err><![CDATA[]]></system-err>
</testsuite>
