<?xml version="1.0" encoding="UTF-8"?>
<testsuite name="com.currenciesdirect.gtg.compliance.core.domain.HolisticViewRequestTest" tests="10" skipped="0" failures="0" errors="0" timestamp="2024-02-04T17:36:41" hostname="ROHINIKHOD" time="0.003">
  <properties/>
  <testcase name="testSetContactId" classname="com.currenciesdirect.gtg.compliance.core.domain.HolisticViewRequestTest" time="0.001"/>
  <testcase name="testSetPaymentInId" classname="com.currenciesdirect.gtg.compliance.core.domain.HolisticViewRequestTest" time="0.0"/>
  <testcase name="testGetAccountId" classname="com.currenciesdirect.gtg.compliance.core.domain.HolisticViewRequestTest" time="0.0"/>
  <testcase name="testGetContactId" classname="com.currenciesdirect.gtg.compliance.core.domain.HolisticViewRequestTest" time="0.0"/>
  <testcase name="testSetAccountId" classname="com.currenciesdirect.gtg.compliance.core.domain.HolisticViewRequestTest" time="0.0"/>
  <testcase name="testGetPaymentInId" classname="com.currenciesdirect.gtg.compliance.core.domain.HolisticViewRequestTest" time="0.0"/>
  <testcase name="testGetPaymentOutId" classname="com.currenciesdirect.gtg.compliance.core.domain.HolisticViewRequestTest" time="0.0"/>
  <testcase name="testSetPaymentOutId" classname="com.currenciesdirect.gtg.compliance.core.domain.HolisticViewRequestTest" time="0.0"/>
  <testcase name="testSetCustType" classname="com.currenciesdirect.gtg.compliance.core.domain.HolisticViewRequestTest" time="0.001"/>
  <testcase name="testGetCustType" classname="com.currenciesdirect.gtg.compliance.core.domain.HolisticViewRequestTest" time="0.0"/>
  <system-out><![CDATA[]]></system-out>
  <system-err><![CDATA[]]></system-err>
</testsuite>
