<?xml version="1.0" encoding="UTF-8"?>
<testsuite name="com.currenciesdirect.gtg.compliance.core.domain.socialdata.SocialDataRequestTest" tests="2" skipped="0" failures="0" errors="0" timestamp="2024-02-04T17:36:41" hostname="ROHINIKHOD" time="0.0">
  <properties/>
  <testcase name="testGetEmailId" classname="com.currenciesdirect.gtg.compliance.core.domain.socialdata.SocialDataRequestTest" time="0.0"/>
  <testcase name="testSetEmailId" classname="com.currenciesdirect.gtg.compliance.core.domain.socialdata.SocialDataRequestTest" time="0.0"/>
  <system-out><![CDATA[]]></system-out>
  <system-err><![CDATA[]]></system-err>
</testsuite>
