<?xml version="1.0" encoding="UTF-8"?>
<testsuite name="com.currenciesdirect.gtg.compliance.commons.domain.fraugster.FraugsterSummaryTest" tests="24" skipped="0" failures="0" errors="0" timestamp="2024-02-04T17:36:40" hostname="ROHINIKHOD" time="0.03">
  <properties/>
  <testcase name="testGetScore" classname="com.currenciesdirect.gtg.compliance.commons.domain.fraugster.FraugsterSummaryTest" time="0.009"/>
  <testcase name="testGetFrgTransId" classname="com.currenciesdirect.gtg.compliance.commons.domain.fraugster.FraugsterSummaryTest" time="0.001"/>
  <testcase name="testSetErrorCode" classname="com.currenciesdirect.gtg.compliance.commons.domain.fraugster.FraugsterSummaryTest" time="0.001"/>
  <testcase name="testGetErrorDescription" classname="com.currenciesdirect.gtg.compliance.commons.domain.fraugster.FraugsterSummaryTest" time="0.001"/>
  <testcase name="testGetId" classname="com.currenciesdirect.gtg.compliance.commons.domain.fraugster.FraugsterSummaryTest" time="0.001"/>
  <testcase name="testSetId" classname="com.currenciesdirect.gtg.compliance.commons.domain.fraugster.FraugsterSummaryTest" time="0.0"/>
  <testcase name="testSetCdTrasId" classname="com.currenciesdirect.gtg.compliance.commons.domain.fraugster.FraugsterSummaryTest" time="0.0"/>
  <testcase name="testSetCreatedOn" classname="com.currenciesdirect.gtg.compliance.commons.domain.fraugster.FraugsterSummaryTest" time="0.001"/>
  <testcase name="testGetCdTrasId" classname="com.currenciesdirect.gtg.compliance.commons.domain.fraugster.FraugsterSummaryTest" time="0.0"/>
  <testcase name="testGetUpdatedBy" classname="com.currenciesdirect.gtg.compliance.commons.domain.fraugster.FraugsterSummaryTest" time="0.001"/>
  <testcase name="testSetFrgTransId" classname="com.currenciesdirect.gtg.compliance.commons.domain.fraugster.FraugsterSummaryTest" time="0.0"/>
  <testcase name="testSetFraugsterId" classname="com.currenciesdirect.gtg.compliance.commons.domain.fraugster.FraugsterSummaryTest" time="0.002"/>
  <testcase name="testSetUpdatedBy" classname="com.currenciesdirect.gtg.compliance.commons.domain.fraugster.FraugsterSummaryTest" time="0.001"/>
  <testcase name="testSetFraugsterApproved" classname="com.currenciesdirect.gtg.compliance.commons.domain.fraugster.FraugsterSummaryTest" time="0.0"/>
  <testcase name="testSetStatus" classname="com.currenciesdirect.gtg.compliance.commons.domain.fraugster.FraugsterSummaryTest" time="0.0"/>
  <testcase name="testGetErrorCode" classname="com.currenciesdirect.gtg.compliance.commons.domain.fraugster.FraugsterSummaryTest" time="0.002"/>
  <testcase name="testSetErrorDescription" classname="com.currenciesdirect.gtg.compliance.commons.domain.fraugster.FraugsterSummaryTest" time="0.0"/>
  <testcase name="testSetEventServiceLogId" classname="com.currenciesdirect.gtg.compliance.commons.domain.fraugster.FraugsterSummaryTest" time="0.0"/>
  <testcase name="testGetStatus" classname="com.currenciesdirect.gtg.compliance.commons.domain.fraugster.FraugsterSummaryTest" time="0.001"/>
  <testcase name="testGetCreatedOn" classname="com.currenciesdirect.gtg.compliance.commons.domain.fraugster.FraugsterSummaryTest" time="0.0"/>
  <testcase name="testGetFraugsterId" classname="com.currenciesdirect.gtg.compliance.commons.domain.fraugster.FraugsterSummaryTest" time="0.001"/>
  <testcase name="testGetFraugsterApproved" classname="com.currenciesdirect.gtg.compliance.commons.domain.fraugster.FraugsterSummaryTest" time="0.0"/>
  <testcase name="testGetEventServiceLogId" classname="com.currenciesdirect.gtg.compliance.commons.domain.fraugster.FraugsterSummaryTest" time="0.0"/>
  <testcase name="testSetScore" classname="com.currenciesdirect.gtg.compliance.commons.domain.fraugster.FraugsterSummaryTest" time="0.001"/>
  <system-out><![CDATA[]]></system-out>
  <system-err><![CDATA[]]></system-err>
</testsuite>
