<?xml version="1.0" encoding="UTF-8"?>
<testsuite name="com.currenciesdirect.gtg.compliance.dbport.RecheckDBServiceImplTest" tests="15" skipped="0" failures="0" errors="0" timestamp="2024-02-04T17:36:46" hostname="ROHINIKHOD" time="0.063">
  <properties/>
  <testcase name="testGetFundsOutFailures" classname="com.currenciesdirect.gtg.compliance.dbport.RecheckDBServiceImplTest" time="0.007"/>
  <testcase name="testSaveFailedFundsOutDetailsToDB" classname="com.currenciesdirect.gtg.compliance.dbport.RecheckDBServiceImplTest" time="0.004"/>
  <testcase name="testGetRegistrationFailuresTestCFX" classname="com.currenciesdirect.gtg.compliance.dbport.RecheckDBServiceImplTest" time="0.004"/>
  <testcase name="testGetRegistrationFailuresTestPFX" classname="com.currenciesdirect.gtg.compliance.dbport.RecheckDBServiceImplTest" time="0.002"/>
  <testcase name="testSaveFailedFundsInDetailsToDBForCFX" classname="com.currenciesdirect.gtg.compliance.dbport.RecheckDBServiceImplTest" time="0.002"/>
  <testcase name="testSaveFailedFundsInDetailsToDBForPFX" classname="com.currenciesdirect.gtg.compliance.dbport.RecheckDBServiceImplTest" time="0.001"/>
  <testcase name="testGetReprocessListTestforAccount" classname="com.currenciesdirect.gtg.compliance.dbport.RecheckDBServiceImplTest" time="0.004"/>
  <testcase name="testGetFundsInServiceFailureCount" classname="com.currenciesdirect.gtg.compliance.dbport.RecheckDBServiceImplTest" time="0.005"/>
  <testcase name="testDeleteReprocessFailed" classname="com.currenciesdirect.gtg.compliance.dbport.RecheckDBServiceImplTest" time="0.002"/>
  <testcase name="testGetReprocessListForPaymentIn" classname="com.currenciesdirect.gtg.compliance.dbport.RecheckDBServiceImplTest" time="0.003"/>
  <testcase name="testGetFundsOutServiceFailureCount" classname="com.currenciesdirect.gtg.compliance.dbport.RecheckDBServiceImplTest" time="0.003"/>
  <testcase name="testSaveFailedFundsInDetailsToDB" classname="com.currenciesdirect.gtg.compliance.dbport.RecheckDBServiceImplTest" time="0.006"/>
  <testcase name="testGetFundsInFailures" classname="com.currenciesdirect.gtg.compliance.dbport.RecheckDBServiceImplTest" time="0.014"/>
  <testcase name="testGetReprocessListTestforContact" classname="com.currenciesdirect.gtg.compliance.dbport.RecheckDBServiceImplTest" time="0.001"/>
  <testcase name="testGetReprocessListPaymentOut" classname="com.currenciesdirect.gtg.compliance.dbport.RecheckDBServiceImplTest" time="0.003"/>
  <system-out><![CDATA[]]></system-out>
  <system-err><![CDATA[]]></system-err>
</testsuite>
