<?xml version="1.0" encoding="UTF-8"?>
<testsuite name="com.currenciesdirect.gtg.compliance.dbport.DataAnonymisationDBServiceImplTest" tests="16" skipped="0" failures="0" errors="0" timestamp="2024-02-04T17:36:44" hostname="ROHINIKHOD" time="1.545">
  <properties/>
  <testcase name="testGetDataAnonymisationWithCriteria" classname="com.currenciesdirect.gtg.compliance.dbport.DataAnonymisationDBServiceImplTest" time="1.262"/>
  <testcase name="testForGetDataAnonymisationWithCriteria" classname="com.currenciesdirect.gtg.compliance.dbport.DataAnonymisationDBServiceImplTest" time="0.025"/>
  <testcase name="testForCancelDataAnonymisation" classname="com.currenciesdirect.gtg.compliance.dbport.DataAnonymisationDBServiceImplTest" time="0.016"/>
  <testcase name="testGetAnonymisationDetails" classname="com.currenciesdirect.gtg.compliance.dbport.DataAnonymisationDBServiceImplTest" time="0.015"/>
  <testcase name="testForGetAnonymisationDetails" classname="com.currenciesdirect.gtg.compliance.dbport.DataAnonymisationDBServiceImplTest" time="0.012"/>
  <testcase name="testSaveIntoDataAnonHistory" classname="com.currenciesdirect.gtg.compliance.dbport.DataAnonymisationDBServiceImplTest" time="0.017"/>
  <testcase name="testForSaveIntoDataAnonHistory" classname="com.currenciesdirect.gtg.compliance.dbport.DataAnonymisationDBServiceImplTest" time="0.02"/>
  <testcase name="testGetDataAnonymisation" classname="com.currenciesdirect.gtg.compliance.dbport.DataAnonymisationDBServiceImplTest" time="0.017"/>
  <testcase name="testForGetDataAnonymisation" classname="com.currenciesdirect.gtg.compliance.dbport.DataAnonymisationDBServiceImplTest" time="0.015"/>
  <testcase name="testForUpdateDataAnonymisation" classname="com.currenciesdirect.gtg.compliance.dbport.DataAnonymisationDBServiceImplTest" time="0.02"/>
  <testcase name="testForGetDataAnonymize" classname="com.currenciesdirect.gtg.compliance.dbport.DataAnonymisationDBServiceImplTest" time="0.028"/>
  <testcase name="testUpdateDataAnonymisation" classname="com.currenciesdirect.gtg.compliance.dbport.DataAnonymisationDBServiceImplTest" time="0.018"/>
  <testcase name="testForGetDataAnonHistory" classname="com.currenciesdirect.gtg.compliance.dbport.DataAnonymisationDBServiceImplTest" time="0.009"/>
  <testcase name="testGetDataAnonHistory" classname="com.currenciesdirect.gtg.compliance.dbport.DataAnonymisationDBServiceImplTest" time="0.01"/>
  <testcase name="testGetDataAnonymize" classname="com.currenciesdirect.gtg.compliance.dbport.DataAnonymisationDBServiceImplTest" time="0.02"/>
  <testcase name="testCancelDataAnonymisation" classname="com.currenciesdirect.gtg.compliance.dbport.DataAnonymisationDBServiceImplTest" time="0.02"/>
  <system-out><![CDATA[]]></system-out>
  <system-err><![CDATA[SLF4J: The requested version 1.5.8 by your slf4j binding is not compatible with [1.6, 1.7]
SLF4J: See http://www.slf4j.org/codes.html#version_mismatch for further details.
]]></system-err>
</testsuite>
