<?xml version="1.0" encoding="UTF-8"?>
<testsuite name="com.currenciesdirect.gtg.compliance.core.report.AdministrationDBServiceImplTest" tests="2" skipped="0" failures="0" errors="0" timestamp="2024-02-04T17:36:41" hostname="ROHINIKHOD" time="0.163">
  <properties/>
  <testcase name="testGetAdministration" classname="com.currenciesdirect.gtg.compliance.core.report.AdministrationDBServiceImplTest" time="0.161"/>
  <testcase name="testForGetAdministration" classname="com.currenciesdirect.gtg.compliance.core.report.AdministrationDBServiceImplTest" time="0.002"/>
  <system-out><![CDATA[]]></system-out>
  <system-err><![CDATA[]]></system-err>
</testsuite>
