<?xml version="1.0" encoding="UTF-8"?>
<testsuite name="com.currenciesdirect.gtg.compliance.dbport.RegistrationDBServiceImplTest" tests="6" skipped="0" failures="0" errors="0" timestamp="2024-02-04T17:36:46" hostname="ROHINIKHOD" time="0.112">
  <properties/>
  <testcase name="testgetRegistrationQueueWithCriteria" classname="com.currenciesdirect.gtg.compliance.dbport.RegistrationDBServiceImplTest" time="0.038"/>
  <testcase name="testGetMoreSanctionDetails" classname="com.currenciesdirect.gtg.compliance.dbport.RegistrationDBServiceImplTest" time="0.004"/>
  <testcase name="testgetMoreFraugsterDetails" classname="com.currenciesdirect.gtg.compliance.dbport.RegistrationDBServiceImplTest" time="0.005"/>
  <testcase name="testgetMoreKycDetails" classname="com.currenciesdirect.gtg.compliance.dbport.RegistrationDBServiceImplTest" time="0.008"/>
  <testcase name="testgetActivityLogs" classname="com.currenciesdirect.gtg.compliance.dbport.RegistrationDBServiceImplTest" time="0.002"/>
  <testcase name="testupdateContact" classname="com.currenciesdirect.gtg.compliance.dbport.RegistrationDBServiceImplTest" time="0.053"/>
  <system-out><![CDATA[]]></system-out>
  <system-err><![CDATA[]]></system-err>
</testsuite>
