<?xml version="1.0" encoding="UTF-8"?>
<testsuite name="com.currenciesdirect.gtg.compliance.core.domain.PaymentSummaryTest" tests="8" skipped="0" failures="0" errors="0" timestamp="2024-02-04T17:36:41" hostname="ROHINIKHOD" time="0.002">
  <properties/>
  <testcase name="testSetNoOfTrades" classname="com.currenciesdirect.gtg.compliance.core.domain.PaymentSummaryTest" time="0.001"/>
  <testcase name="testSetFirstTradeDate" classname="com.currenciesdirect.gtg.compliance.core.domain.PaymentSummaryTest" time="0.0"/>
  <testcase name="testSetTotalSaleAmount" classname="com.currenciesdirect.gtg.compliance.core.domain.PaymentSummaryTest" time="0.0"/>
  <testcase name="testSetLastTradeDate" classname="com.currenciesdirect.gtg.compliance.core.domain.PaymentSummaryTest" time="0.0"/>
  <testcase name="testGetFirstTradeDate" classname="com.currenciesdirect.gtg.compliance.core.domain.PaymentSummaryTest" time="0.0"/>
  <testcase name="testGetLastTradeDate" classname="com.currenciesdirect.gtg.compliance.core.domain.PaymentSummaryTest" time="0.0"/>
  <testcase name="testGetNoOfTrades" classname="com.currenciesdirect.gtg.compliance.core.domain.PaymentSummaryTest" time="0.0"/>
  <testcase name="testGetTotalSaleAmount" classname="com.currenciesdirect.gtg.compliance.core.domain.PaymentSummaryTest" time="0.0"/>
  <system-out><![CDATA[]]></system-out>
  <system-err><![CDATA[]]></system-err>
</testsuite>
