<?xml version="1.0" encoding="UTF-8"?>
<testsuite name="com.currenciesdirect.gtg.compliance.core.domain.dataanonymisation.DataAnonymisationResponseTest" tests="8" skipped="0" failures="0" errors="0" timestamp="2024-02-04T17:36:40" hostname="ROHINIKHOD" time="0.001">
  <properties/>
  <testcase name="testSetDescription" classname="com.currenciesdirect.gtg.compliance.core.domain.dataanonymisation.DataAnonymisationResponseTest" time="0.0"/>
  <testcase name="testGetCode" classname="com.currenciesdirect.gtg.compliance.core.domain.dataanonymisation.DataAnonymisationResponseTest" time="0.001"/>
  <testcase name="testGetDescription" classname="com.currenciesdirect.gtg.compliance.core.domain.dataanonymisation.DataAnonymisationResponseTest" time="0.0"/>
  <testcase name="testSetStatus" classname="com.currenciesdirect.gtg.compliance.core.domain.dataanonymisation.DataAnonymisationResponseTest" time="0.0"/>
  <testcase name="testSetSystem" classname="com.currenciesdirect.gtg.compliance.core.domain.dataanonymisation.DataAnonymisationResponseTest" time="0.0"/>
  <testcase name="testGetStatus" classname="com.currenciesdirect.gtg.compliance.core.domain.dataanonymisation.DataAnonymisationResponseTest" time="0.0"/>
  <testcase name="testGetSystem" classname="com.currenciesdirect.gtg.compliance.core.domain.dataanonymisation.DataAnonymisationResponseTest" time="0.0"/>
  <testcase name="testSetCode" classname="com.currenciesdirect.gtg.compliance.core.domain.dataanonymisation.DataAnonymisationResponseTest" time="0.0"/>
  <system-out><![CDATA[]]></system-out>
  <system-err><![CDATA[]]></system-err>
</testsuite>
