<?xml version="1.0" encoding="UTF-8"?>
<testsuite name="com.currenciesdirect.gtg.compliance.core.domain.fxtickets.FxDetailsTest" tests="16" skipped="0" failures="0" errors="0" timestamp="2024-02-04T17:36:41" hostname="ROHINIKHOD" time="0.039">
  <properties/>
  <testcase name="testSetTradeDetails" classname="com.currenciesdirect.gtg.compliance.core.domain.fxtickets.FxDetailsTest" time="0.004"/>
  <testcase name="testGetId" classname="com.currenciesdirect.gtg.compliance.core.domain.fxtickets.FxDetailsTest" time="0.0"/>
  <testcase name="testSetId" classname="com.currenciesdirect.gtg.compliance.core.domain.fxtickets.FxDetailsTest" time="0.0"/>
  <testcase name="testSetSourceOfFunds" classname="com.currenciesdirect.gtg.compliance.core.domain.fxtickets.FxDetailsTest" time="0.0"/>
  <testcase name="testSetCreatedBy" classname="com.currenciesdirect.gtg.compliance.core.domain.fxtickets.FxDetailsTest" time="0.0"/>
  <testcase name="testSetCreatedOn" classname="com.currenciesdirect.gtg.compliance.core.domain.fxtickets.FxDetailsTest" time="0.028"/>
  <testcase name="testGetUpdatedBy" classname="com.currenciesdirect.gtg.compliance.core.domain.fxtickets.FxDetailsTest" time="0.0"/>
  <testcase name="testGetUpdatedOn" classname="com.currenciesdirect.gtg.compliance.core.domain.fxtickets.FxDetailsTest" time="0.0"/>
  <testcase name="testSetUpdatedBy" classname="com.currenciesdirect.gtg.compliance.core.domain.fxtickets.FxDetailsTest" time="0.0"/>
  <testcase name="testSetUpdatedOn" classname="com.currenciesdirect.gtg.compliance.core.domain.fxtickets.FxDetailsTest" time="0.0"/>
  <testcase name="testGetSourceOfFunds" classname="com.currenciesdirect.gtg.compliance.core.domain.fxtickets.FxDetailsTest" time="0.0"/>
  <testcase name="testSetWallet" classname="com.currenciesdirect.gtg.compliance.core.domain.fxtickets.FxDetailsTest" time="0.001"/>
  <testcase name="testGetTradeDetails" classname="com.currenciesdirect.gtg.compliance.core.domain.fxtickets.FxDetailsTest" time="0.0"/>
  <testcase name="testGetWallet" classname="com.currenciesdirect.gtg.compliance.core.domain.fxtickets.FxDetailsTest" time="0.0"/>
  <testcase name="testGetCreatedBy" classname="com.currenciesdirect.gtg.compliance.core.domain.fxtickets.FxDetailsTest" time="0.0"/>
  <testcase name="testGetCreatedOn" classname="com.currenciesdirect.gtg.compliance.core.domain.fxtickets.FxDetailsTest" time="0.002"/>
  <system-out><![CDATA[]]></system-out>
  <system-err><![CDATA[]]></system-err>
</testsuite>
