<?xml version="1.0" encoding="UTF-8"?>
<testsuite name="com.currenciesdirect.gtg.compliance.core.domain.fxtickets.FxTicketRequestPayloadTest" tests="10" skipped="0" failures="0" errors="0" timestamp="2024-02-04T17:36:41" hostname="ROHINIKHOD" time="0.001">
  <properties/>
  <testcase name="testGetTitanAccountNumber" classname="com.currenciesdirect.gtg.compliance.core.domain.fxtickets.FxTicketRequestPayloadTest" time="0.0"/>
  <testcase name="testGetFxTicketId" classname="com.currenciesdirect.gtg.compliance.core.domain.fxtickets.FxTicketRequestPayloadTest" time="0.0"/>
  <testcase name="testGetRequestSource" classname="com.currenciesdirect.gtg.compliance.core.domain.fxtickets.FxTicketRequestPayloadTest" time="0.0"/>
  <testcase name="testGetOrganizationCode" classname="com.currenciesdirect.gtg.compliance.core.domain.fxtickets.FxTicketRequestPayloadTest" time="0.0"/>
  <testcase name="testSetFxTicketId" classname="com.currenciesdirect.gtg.compliance.core.domain.fxtickets.FxTicketRequestPayloadTest" time="0.0"/>
  <testcase name="testSetFxStatus" classname="com.currenciesdirect.gtg.compliance.core.domain.fxtickets.FxTicketRequestPayloadTest" time="0.0"/>
  <testcase name="testGetFxStatus" classname="com.currenciesdirect.gtg.compliance.core.domain.fxtickets.FxTicketRequestPayloadTest" time="0.0"/>
  <testcase name="testSetTitanAccountNumber" classname="com.currenciesdirect.gtg.compliance.core.domain.fxtickets.FxTicketRequestPayloadTest" time="0.0"/>
  <testcase name="testSetRequestSource" classname="com.currenciesdirect.gtg.compliance.core.domain.fxtickets.FxTicketRequestPayloadTest" time="0.0"/>
  <testcase name="testSetOrganizationCode" classname="com.currenciesdirect.gtg.compliance.core.domain.fxtickets.FxTicketRequestPayloadTest" time="0.0"/>
  <system-out><![CDATA[]]></system-out>
  <system-err><![CDATA[]]></system-err>
</testsuite>
