<?xml version="1.0" encoding="UTF-8"?>
<testsuite name="com.currenciesdirect.gtg.compliance.core.domain.HolisticContactTest" tests="2" skipped="0" failures="0" errors="0" timestamp="2024-02-04T17:36:41" hostname="ROHINIKHOD" time="0.006">
  <properties/>
  <testcase name="testSetAccountStatus" classname="com.currenciesdirect.gtg.compliance.core.domain.HolisticContactTest" time="0.005"/>
  <testcase name="testGetAccountStatus" classname="com.currenciesdirect.gtg.compliance.core.domain.HolisticContactTest" time="0.001"/>
  <system-out><![CDATA[]]></system-out>
  <system-err><![CDATA[]]></system-err>
</testsuite>
