<?xml version="1.0" encoding="UTF-8"?>
<testsuite name="com.currenciesdirect.gtg.compliance.dbport.cfx.RegistrationCfxDBServiceImplTest" tests="3" skipped="0" failures="0" errors="0" timestamp="2024-02-04T17:36:42" hostname="ROHINIKHOD" time="0.025">
  <properties/>
  <testcase name="testGetActivityLogs" classname="com.currenciesdirect.gtg.compliance.dbport.cfx.RegistrationCfxDBServiceImplTest" time="0.016"/>
  <testcase name="testupdateLockResourceForMultiContact" classname="com.currenciesdirect.gtg.compliance.dbport.cfx.RegistrationCfxDBServiceImplTest" time="0.004"/>
  <testcase name="testinsertLockResourceForMultiContact" classname="com.currenciesdirect.gtg.compliance.dbport.cfx.RegistrationCfxDBServiceImplTest" time="0.005"/>
  <system-out><![CDATA[]]></system-out>
  <system-err><![CDATA[]]></system-err>
</testsuite>
