<?xml version="1.0" encoding="UTF-8"?>
<testsuite name="com.currenciesdirect.gtg.compliance.dbport.PaymentOutDBServiceImplTest" tests="13" skipped="0" failures="0" errors="0" timestamp="2024-02-04T17:36:46" hostname="ROHINIKHOD" time="0.077">
  <properties/>
  <testcase name="testForGetMoreSanctionDetails" classname="com.currenciesdirect.gtg.compliance.dbport.PaymentOutDBServiceImplTest" time="0.006"/>
  <testcase name="testGetMoreSanctionDetails" classname="com.currenciesdirect.gtg.compliance.dbport.PaymentOutDBServiceImplTest" time="0.004"/>
  <testcase name="testForGetMoreCustomCheckDetails" classname="com.currenciesdirect.gtg.compliance.dbport.PaymentOutDBServiceImplTest" time="0.002"/>
  <testcase name="testGetActivityLogs" classname="com.currenciesdirect.gtg.compliance.dbport.PaymentOutDBServiceImplTest" time="0.003"/>
  <testcase name="testForGetMoreFraugsterDetails" classname="com.currenciesdirect.gtg.compliance.dbport.PaymentOutDBServiceImplTest" time="0.001"/>
  <testcase name="testForGetViewMoreFurtherPaymentInDetails" classname="com.currenciesdirect.gtg.compliance.dbport.PaymentOutDBServiceImplTest" time="0.002"/>
  <testcase name="testForGetActivityLogs" classname="com.currenciesdirect.gtg.compliance.dbport.PaymentOutDBServiceImplTest" time="0.001"/>
  <testcase name="testgetPaymentOutDetails" classname="com.currenciesdirect.gtg.compliance.dbport.PaymentOutDBServiceImplTest" time="0.031"/>
  <testcase name="testForGetFurtherPaymentOutDetails" classname="com.currenciesdirect.gtg.compliance.dbport.PaymentOutDBServiceImplTest" time="0.001"/>
  <testcase name="testGetMoreFraugsterDetails" classname="com.currenciesdirect.gtg.compliance.dbport.PaymentOutDBServiceImplTest" time="0.005"/>
  <testcase name="testGetFurtherPaymentOutDetails" classname="com.currenciesdirect.gtg.compliance.dbport.PaymentOutDBServiceImplTest" time="0.003"/>
  <testcase name="testGetViewMoreFurtherPaymentInDetails" classname="com.currenciesdirect.gtg.compliance.dbport.PaymentOutDBServiceImplTest" time="0.002"/>
  <testcase name="testGetMoreCustomCheckDetails" classname="com.currenciesdirect.gtg.compliance.dbport.PaymentOutDBServiceImplTest" time="0.012"/>
  <system-out><![CDATA[]]></system-out>
  <system-err><![CDATA[]]></system-err>
</testsuite>
