<?xml version="1.0" encoding="UTF-8"?>
<testsuite name="com.currenciesdirect.gtg.compliance.httpport.RecheckControllerTest" tests="10" skipped="0" failures="0" errors="0" timestamp="2024-02-04T17:36:47" hostname="ROHINIKHOD" time="0.033">
  <properties/>
  <testcase name="testforceClearFundsOuts" classname="com.currenciesdirect.gtg.compliance.httpport.RecheckControllerTest" time="0.007"/>
  <testcase name="testRepeatCheckFundsInFailures" classname="com.currenciesdirect.gtg.compliance.httpport.RecheckControllerTest" time="0.009"/>
  <testcase name="testgetRepeatCheckProgressBar" classname="com.currenciesdirect.gtg.compliance.httpport.RecheckControllerTest" time="0.001"/>
  <testcase name="testforceClearFundsIn" classname="com.currenciesdirect.gtg.compliance.httpport.RecheckControllerTest" time="0.001"/>
  <testcase name="testdeleteReprocessFailed" classname="com.currenciesdirect.gtg.compliance.httpport.RecheckControllerTest" time="0.001"/>
  <testcase name="testRepeatCheckRegistrationFailures" classname="com.currenciesdirect.gtg.compliance.httpport.RecheckControllerTest" time="0.001"/>
  <testcase name="testGetFundsInServiceFailureCount" classname="com.currenciesdirect.gtg.compliance.httpport.RecheckControllerTest" time="0.001"/>
  <testcase name="testGetFundsOutServiceFailureCount" classname="com.currenciesdirect.gtg.compliance.httpport.RecheckControllerTest" time="0.0"/>
  <testcase name="testRepeatCheckFundsOutFailures" classname="com.currenciesdirect.gtg.compliance.httpport.RecheckControllerTest" time="0.007"/>
  <testcase name="testGetRegistrationServiceFailureCount" classname="com.currenciesdirect.gtg.compliance.httpport.RecheckControllerTest" time="0.001"/>
  <system-out><![CDATA[]]></system-out>
  <system-err><![CDATA[]]></system-err>
</testsuite>
