<?xml version="1.0" encoding="UTF-8"?>
<testsuite name="com.currenciesdirect.gtg.compliance.dbport.HolisticViewDBServiceImplTest" tests="10" skipped="0" failures="0" errors="0" timestamp="2024-02-04T17:36:45" hostname="ROHINIKHOD" time="0.308">
  <properties/>
  <testcase name="testForGetHolisticPaymentOutDetails" classname="com.currenciesdirect.gtg.compliance.dbport.HolisticViewDBServiceImplTest" time="0.01"/>
  <testcase name="testGetHolisticAccountDetails" classname="com.currenciesdirect.gtg.compliance.dbport.HolisticViewDBServiceImplTest" time="0.215"/>
  <testcase name="testForGetOtherContacts" classname="com.currenciesdirect.gtg.compliance.dbport.HolisticViewDBServiceImplTest" time="0.003"/>
  <testcase name="testForGetHolisticAccountDetails" classname="com.currenciesdirect.gtg.compliance.dbport.HolisticViewDBServiceImplTest" time="0.002"/>
  <testcase name="testForGetHolisticPaymentInDetails" classname="com.currenciesdirect.gtg.compliance.dbport.HolisticViewDBServiceImplTest" time="0.004"/>
  <testcase name="testGetContactsForCFX" classname="com.currenciesdirect.gtg.compliance.dbport.HolisticViewDBServiceImplTest" time="0.015"/>
  <testcase name="testGetOtherContacts" classname="com.currenciesdirect.gtg.compliance.dbport.HolisticViewDBServiceImplTest" time="0.01"/>
  <testcase name="testGetHolisticPaymentInDetails" classname="com.currenciesdirect.gtg.compliance.dbport.HolisticViewDBServiceImplTest" time="0.033"/>
  <testcase name="testForGetContactsForCFX" classname="com.currenciesdirect.gtg.compliance.dbport.HolisticViewDBServiceImplTest" time="0.001"/>
  <testcase name="testGetHolisticPaymentOutDetails" classname="com.currenciesdirect.gtg.compliance.dbport.HolisticViewDBServiceImplTest" time="0.015"/>
  <system-out><![CDATA[]]></system-out>
  <system-err><![CDATA[]]></system-err>
</testsuite>
