<?xml version="1.0" encoding="UTF-8"?>
<testsuite name="com.currenciesdirect.gtg.compliance.core.domain.wallets.WalletRequestTest" tests="8" skipped="0" failures="0" errors="0" timestamp="2024-02-04T17:36:41" hostname="ROHINIKHOD" time="0.005">
  <properties/>
  <testcase name="testSetSourceApplication" classname="com.currenciesdirect.gtg.compliance.core.domain.wallets.WalletRequestTest" time="0.001"/>
  <testcase name="testGetOsrId" classname="com.currenciesdirect.gtg.compliance.core.domain.wallets.WalletRequestTest" time="0.001"/>
  <testcase name="testGetSourceApplication" classname="com.currenciesdirect.gtg.compliance.core.domain.wallets.WalletRequestTest" time="0.0"/>
  <testcase name="testGetOrgCode" classname="com.currenciesdirect.gtg.compliance.core.domain.wallets.WalletRequestTest" time="0.0"/>
  <testcase name="testSetAccountNumber" classname="com.currenciesdirect.gtg.compliance.core.domain.wallets.WalletRequestTest" time="0.0"/>
  <testcase name="testSetOrgCode" classname="com.currenciesdirect.gtg.compliance.core.domain.wallets.WalletRequestTest" time="0.001"/>
  <testcase name="testGetAccountNumber" classname="com.currenciesdirect.gtg.compliance.core.domain.wallets.WalletRequestTest" time="0.0"/>
  <testcase name="testSetOsrId" classname="com.currenciesdirect.gtg.compliance.core.domain.wallets.WalletRequestTest" time="0.0"/>
  <system-out><![CDATA[]]></system-out>
  <system-err><![CDATA[]]></system-err>
</testsuite>
