<?xml version="1.0" encoding="UTF-8"?>
<testsuite name="com.currenciesdirect.gtg.compliance.core.domain.socialdata.SocialDataControllerTest" tests="1" skipped="0" failures="0" errors="0" timestamp="2024-02-04T17:36:41" hostname="ROHINIKHOD" time="0.008">
  <properties/>
  <testcase name="testGetSocialData" classname="com.currenciesdirect.gtg.compliance.core.domain.socialdata.SocialDataControllerTest" time="0.008"/>
  <system-out><![CDATA[]]></system-out>
  <system-err><![CDATA[]]></system-err>
</testsuite>
