<?xml version="1.0" encoding="UTF-8"?>
<testsuite name="com.currenciesdirect.gtg.compliance.dbport.report.WorkEfficiencyReportDBServiceImplTest" tests="4" skipped="0" failures="0" errors="0" timestamp="2024-02-04T17:36:46" hostname="ROHINIKHOD" time="0.032">
  <properties/>
  <testcase name="testgetWorkEfficiencyReport" classname="com.currenciesdirect.gtg.compliance.dbport.report.WorkEfficiencyReportDBServiceImplTest" time="0.005"/>
  <testcase name="getWorkEfficiencyReportTest" classname="com.currenciesdirect.gtg.compliance.dbport.report.WorkEfficiencyReportDBServiceImplTest" time="0.023"/>
  <testcase name="getWorkEfficiencyReportWithCriteriaTest" classname="com.currenciesdirect.gtg.compliance.dbport.report.WorkEfficiencyReportDBServiceImplTest" time="0.003"/>
  <testcase name="testgetWorkEfficiencyReportWithCriteria" classname="com.currenciesdirect.gtg.compliance.dbport.report.WorkEfficiencyReportDBServiceImplTest" time="0.001"/>
  <system-out><![CDATA[]]></system-out>
  <system-err><![CDATA[]]></system-err>
</testsuite>
