<?xml version="1.0" encoding="UTF-8"?>
<testsuite name="com.currenciesdirect.gtg.compliance.dbport.ActivityLogDBServiceImplTest" tests="8" skipped="0" failures="0" errors="0" timestamp="2024-02-04T17:36:42" hostname="ROHINIKHOD" time="0.073">
  <properties/>
  <testcase name="testGetPaymentOutActivityLogs" classname="com.currenciesdirect.gtg.compliance.dbport.ActivityLogDBServiceImplTest" time="0.033"/>
  <testcase name="testForGetAllActivityLogs" classname="com.currenciesdirect.gtg.compliance.dbport.ActivityLogDBServiceImplTest" time="0.004"/>
  <testcase name="testGetAllActivityLogs" classname="com.currenciesdirect.gtg.compliance.dbport.ActivityLogDBServiceImplTest" time="0.008"/>
  <testcase name="testForGetPaymentOutActivityLogs" classname="com.currenciesdirect.gtg.compliance.dbport.ActivityLogDBServiceImplTest" time="0.003"/>
  <testcase name="testGetPaymentInActivityLogs" classname="com.currenciesdirect.gtg.compliance.dbport.ActivityLogDBServiceImplTest" time="0.007"/>
  <testcase name="testForGetPaymentInActivityLogs" classname="com.currenciesdirect.gtg.compliance.dbport.ActivityLogDBServiceImplTest" time="0.003"/>
  <testcase name="testForGetRegistrationActivityLogs" classname="com.currenciesdirect.gtg.compliance.dbport.ActivityLogDBServiceImplTest" time="0.002"/>
  <testcase name="testGetRegistrationActivityLogs" classname="com.currenciesdirect.gtg.compliance.dbport.ActivityLogDBServiceImplTest" time="0.011"/>
  <system-out><![CDATA[]]></system-out>
  <system-err><![CDATA[]]></system-err>
</testsuite>
