<?xml version="1.0" encoding="UTF-8"?>
<testsuite name="com.currenciesdirect.gtg.compliance.httpport.ActivityLogControllerTest" tests="3" skipped="0" failures="0" errors="0" timestamp="2024-02-04T17:36:47" hostname="ROHINIKHOD" time="0.013">
  <properties/>
  <testcase name="testGetAllActivityLogs" classname="com.currenciesdirect.gtg.compliance.httpport.ActivityLogControllerTest" time="0.01"/>
  <testcase name="testGetPaymentInActivityLogs" classname="com.currenciesdirect.gtg.compliance.httpport.ActivityLogControllerTest" time="0.001"/>
  <testcase name="testGetRegistrationActivityLogs" classname="com.currenciesdirect.gtg.compliance.httpport.ActivityLogControllerTest" time="0.001"/>
  <system-out><![CDATA[]]></system-out>
  <system-err><![CDATA[]]></system-err>
</testsuite>
