<?xml version="1.0" encoding="UTF-8"?>
<testsuite name="com.currenciesdirect.gtg.compliance.httpport.HolisticViewControllerTest" tests="3" skipped="0" failures="0" errors="0" timestamp="2024-02-04T17:36:47" hostname="ROHINIKHOD" time="0.037">
  <properties/>
  <testcase name="testGetHolisticViewPaymentInDetails" classname="com.currenciesdirect.gtg.compliance.httpport.HolisticViewControllerTest" time="0.007"/>
  <testcase name="testGetHolisticViewDetails" classname="com.currenciesdirect.gtg.compliance.httpport.HolisticViewControllerTest" time="0.029"/>
  <testcase name="testGetHolisticViewPaymentOutDetails" classname="com.currenciesdirect.gtg.compliance.httpport.HolisticViewControllerTest" time="0.001"/>
  <system-out><![CDATA[]]></system-out>
  <system-err><![CDATA[]]></system-err>
</testsuite>
