<?xml version="1.0" encoding="UTF-8"?>
<testsuite name="com.currenciesdirect.gtg.compliance.core.domain.dataanonymisation.DataAnonAccountTest" tests="8" skipped="0" failures="0" errors="0" timestamp="2024-02-04T17:36:40" hostname="ROHINIKHOD" time="0.006">
  <properties/>
  <testcase name="testGetTradeAccountNumber" classname="com.currenciesdirect.gtg.compliance.core.domain.dataanonymisation.DataAnonAccountTest" time="0.003"/>
  <testcase name="testSetContact" classname="com.currenciesdirect.gtg.compliance.core.domain.dataanonymisation.DataAnonAccountTest" time="0.002"/>
  <testcase name="testGetAccountSFID" classname="com.currenciesdirect.gtg.compliance.core.domain.dataanonymisation.DataAnonAccountTest" time="0.001"/>
  <testcase name="testSetTradeAccountID" classname="com.currenciesdirect.gtg.compliance.core.domain.dataanonymisation.DataAnonAccountTest" time="0.0"/>
  <testcase name="testGetContact" classname="com.currenciesdirect.gtg.compliance.core.domain.dataanonymisation.DataAnonAccountTest" time="0.0"/>
  <testcase name="testSetTradeAccountNumber" classname="com.currenciesdirect.gtg.compliance.core.domain.dataanonymisation.DataAnonAccountTest" time="0.0"/>
  <testcase name="testSetAccountSFID" classname="com.currenciesdirect.gtg.compliance.core.domain.dataanonymisation.DataAnonAccountTest" time="0.0"/>
  <testcase name="testGetTradeAccountID" classname="com.currenciesdirect.gtg.compliance.core.domain.dataanonymisation.DataAnonAccountTest" time="0.0"/>
  <system-out><![CDATA[]]></system-out>
  <system-err><![CDATA[]]></system-err>
</testsuite>
