<?xml version="1.0" encoding="UTF-8"?>
<testsuite name="com.currenciesdirect.gtg.compliance.core.domain.dataanonymisation.DataAnonContactTest" tests="4" skipped="0" failures="0" errors="0" timestamp="2024-02-04T17:36:40" hostname="ROHINIKHOD" time="0.001">
  <properties/>
  <testcase name="testSetTradeContactId" classname="com.currenciesdirect.gtg.compliance.core.domain.dataanonymisation.DataAnonContactTest" time="0.0"/>
  <testcase name="testGetContactSfId" classname="com.currenciesdirect.gtg.compliance.core.domain.dataanonymisation.DataAnonContactTest" time="0.001"/>
  <testcase name="testGetTradeContactId" classname="com.currenciesdirect.gtg.compliance.core.domain.dataanonymisation.DataAnonContactTest" time="0.0"/>
  <testcase name="testSetContactSfId" classname="com.currenciesdirect.gtg.compliance.core.domain.dataanonymisation.DataAnonContactTest" time="0.0"/>
  <system-out><![CDATA[]]></system-out>
  <system-err><![CDATA[]]></system-err>
</testsuite>
