<?xml version="1.0" encoding="UTF-8"?>
<testsuite name="com.currenciesdirect.gtg.compliance.core.domain.PaymentInSummaryTest" tests="14" skipped="0" failures="0" errors="0" timestamp="2024-02-04T17:36:41" hostname="ROHINIKHOD" time="0.003">
  <properties/>
  <testcase name="testSetSellCurrency" classname="com.currenciesdirect.gtg.compliance.core.domain.PaymentInSummaryTest" time="0.001"/>
  <testcase name="testGetThirdPartyFlag" classname="com.currenciesdirect.gtg.compliance.core.domain.PaymentInSummaryTest" time="0.0"/>
  <testcase name="testSetCountryOfFund" classname="com.currenciesdirect.gtg.compliance.core.domain.PaymentInSummaryTest" time="0.0"/>
  <testcase name="testGetDebtorName" classname="com.currenciesdirect.gtg.compliance.core.domain.PaymentInSummaryTest" time="0.0"/>
  <testcase name="testGetDebtorAccountNumber" classname="com.currenciesdirect.gtg.compliance.core.domain.PaymentInSummaryTest" time="0.001"/>
  <testcase name="testSetIsDeleted" classname="com.currenciesdirect.gtg.compliance.core.domain.PaymentInSummaryTest" time="0.0"/>
  <testcase name="testSetDeletedDate" classname="com.currenciesdirect.gtg.compliance.core.domain.PaymentInSummaryTest" time="0.0"/>
  <testcase name="testSetDebtorName" classname="com.currenciesdirect.gtg.compliance.core.domain.PaymentInSummaryTest" time="0.0"/>
  <testcase name="testGetCountryOfFund" classname="com.currenciesdirect.gtg.compliance.core.domain.PaymentInSummaryTest" time="0.0"/>
  <testcase name="testSetDebtorAccountNumber" classname="com.currenciesdirect.gtg.compliance.core.domain.PaymentInSummaryTest" time="0.0"/>
  <testcase name="testGetSellCurrency" classname="com.currenciesdirect.gtg.compliance.core.domain.PaymentInSummaryTest" time="0.0"/>
  <testcase name="testGetDeletedDate" classname="com.currenciesdirect.gtg.compliance.core.domain.PaymentInSummaryTest" time="0.0"/>
  <testcase name="testSetThirdPartyFlag" classname="com.currenciesdirect.gtg.compliance.core.domain.PaymentInSummaryTest" time="0.0"/>
  <testcase name="testGetIsDeleted" classname="com.currenciesdirect.gtg.compliance.core.domain.PaymentInSummaryTest" time="0.001"/>
  <system-out><![CDATA[]]></system-out>
  <system-err><![CDATA[]]></system-err>
</testsuite>
