<?xml version="1.0" encoding="UTF-8"?>
<testsuite name="com.currenciesdirect.gtg.compliance.httpport.RegistrationControllerTest" tests="14" skipped="0" failures="0" errors="0" timestamp="2024-02-04T17:36:47" hostname="ROHINIKHOD" time="0.028">
  <properties/>
  <testcase name="testGetRegistrationQueueWithCriteria" classname="com.currenciesdirect.gtg.compliance.httpport.RegistrationControllerTest" time="0.003"/>
  <testcase name="testGetDeviceInfo" classname="com.currenciesdirect.gtg.compliance.httpport.RegistrationControllerTest" time="0.002"/>
  <testcase name="testForLockResourceList" classname="com.currenciesdirect.gtg.compliance.httpport.RegistrationControllerTest" time="0.001"/>
  <testcase name="testGetRegistrationQueueWithCriteriaForDashboard" classname="com.currenciesdirect.gtg.compliance.httpport.RegistrationControllerTest" time="0.001"/>
  <testcase name="testGetRegistrationQueue" classname="com.currenciesdirect.gtg.compliance.httpport.RegistrationControllerTest" time="0.005"/>
  <testcase name="testLockResourceList" classname="com.currenciesdirect.gtg.compliance.httpport.RegistrationControllerTest" time="0.001"/>
  <testcase name="testForUpdateProfile" classname="com.currenciesdirect.gtg.compliance.httpport.RegistrationControllerTest" time="0.004"/>
  <testcase name="testUpdateProfile" classname="com.currenciesdirect.gtg.compliance.httpport.RegistrationControllerTest" time="0.001"/>
  <testcase name="testForGetProviderResponse" classname="com.currenciesdirect.gtg.compliance.httpport.RegistrationControllerTest" time="0.002"/>
  <testcase name="testLockResource" classname="com.currenciesdirect.gtg.compliance.httpport.RegistrationControllerTest" time="0.001"/>
  <testcase name="testForGetRegistrationQueueWithCriteria" classname="com.currenciesdirect.gtg.compliance.httpport.RegistrationControllerTest" time="0.001"/>
  <testcase name="testForGetDeviceInfo" classname="com.currenciesdirect.gtg.compliance.httpport.RegistrationControllerTest" time="0.001"/>
  <testcase name="testGetProviderResponse" classname="com.currenciesdirect.gtg.compliance.httpport.RegistrationControllerTest" time="0.001"/>
  <testcase name="tesFortLockResource" classname="com.currenciesdirect.gtg.compliance.httpport.RegistrationControllerTest" time="0.001"/>
  <system-out><![CDATA[]]></system-out>
  <system-err><![CDATA[]]></system-err>
</testsuite>
