<?xml version="1.0" encoding="UTF-8"?>
<testsuite name="com.currenciesdirect.gtg.compliance.kyc.core.validators.NetherlandsValidatorTest" tests="3" skipped="0" failures="0" errors="0" timestamp="2024-02-04T17:37:39" hostname="ROHINIKHOD" time="0.002">
  <properties/>
  <testcase name="testValidateKYCRequest" classname="com.currenciesdirect.gtg.compliance.kyc.core.validators.NetherlandsValidatorTest" time="0.001"/>
  <testcase name="testForErrorValidateKYCRequest" classname="com.currenciesdirect.gtg.compliance.kyc.core.validators.NetherlandsValidatorTest" time="0.0"/>
  <testcase name="testForValidateKYCRequest" classname="com.currenciesdirect.gtg.compliance.kyc.core.validators.NetherlandsValidatorTest" time="0.0"/>
  <system-out><![CDATA[]]></system-out>
  <system-err><![CDATA[]]></system-err>
</testsuite>
