<?xml version="1.0" encoding="UTF-8"?>
<testsuite name="com.currenciesdirect.gtg.compliance.kyc.gbgroupport.GBGroupPortTest" tests="1" skipped="0" failures="0" errors="0" timestamp="2024-02-04T17:37:40" hostname="ROHINIKHOD" time="0.001">
  <properties/>
  <testcase name="testCheckKYCdetails" classname="com.currenciesdirect.gtg.compliance.kyc.gbgroupport.GBGroupPortTest" time="0.001"/>
  <system-out><![CDATA[]]></system-out>
  <system-err><![CDATA[]]></system-err>
</testsuite>
