<?xml version="1.0" encoding="UTF-8"?>
<testsuite name="com.currenciesdirect.gtg.compliance.kyc.lexisnexisport.LexisNexisTransformerTest" tests="1" skipped="0" failures="0" errors="0" timestamp="2024-02-04T17:37:40" hostname="ROHINIKHOD" time="0.015">
  <properties/>
  <testcase name="testTransformRequestObject" classname="com.currenciesdirect.gtg.compliance.kyc.lexisnexisport.LexisNexisTransformerTest" time="0.015"/>
  <system-out><![CDATA[]]></system-out>
  <system-err><![CDATA[]]></system-err>
</testsuite>
