<?xml version="1.0" encoding="UTF-8"?>
<testsuite name="com.currenciesdirect.gtg.compliance.kyc.core.validators.CanadaValidatorTest" tests="2" skipped="0" failures="0" errors="0" timestamp="2024-02-04T17:37:39" hostname="ROHINIKHOD" time="0.003">
  <properties/>
  <testcase name="testValidateKYCRequest" classname="com.currenciesdirect.gtg.compliance.kyc.core.validators.CanadaValidatorTest" time="0.001"/>
  <testcase name="testForValidateKYCRequest" classname="com.currenciesdirect.gtg.compliance.kyc.core.validators.CanadaValidatorTest" time="0.001"/>
  <system-out><![CDATA[]]></system-out>
  <system-err><![CDATA[]]></system-err>
</testsuite>
