<?xml version="1.0" encoding="UTF-8"?>
<testsuite name="com.currenciesdirect.gtg.compliance.sanction.core.validator.SanctionValidatorTest" tests="2" skipped="0" failures="0" errors="0" timestamp="2024-02-04T17:37:46" hostname="ROHINIKHOD" time="0.007">
  <properties/>
  <testcase name="testValidateRequest" classname="com.currenciesdirect.gtg.compliance.sanction.core.validator.SanctionValidatorTest" time="0.004"/>
  <testcase name="testForValidateRequest" classname="com.currenciesdirect.gtg.compliance.sanction.core.validator.SanctionValidatorTest" time="0.003"/>
  <system-out><![CDATA[]]></system-out>
  <system-err><![CDATA[]]></system-err>
</testsuite>
