<?xml version="1.0" encoding="UTF-8"?>
<testsuite name="com.currenciesdirect.gtg.compliance.sanction.core.ServiceImplTest" tests="2" skipped="0" failures="0" errors="0" timestamp="2024-02-04T17:37:45" hostname="ROHINIKHOD" time="0.332">
  <properties/>
  <testcase name="testGetSanctionContactResponseIndexById" classname="com.currenciesdirect.gtg.compliance.sanction.core.ServiceImplTest" time="0.329"/>
  <testcase name="testGetSanctionContactResponseById" classname="com.currenciesdirect.gtg.compliance.sanction.core.ServiceImplTest" time="0.002"/>
  <system-out><![CDATA[]]></system-out>
  <system-err><![CDATA[SLF4J: The requested version 1.5.8 by your slf4j binding is not compatible with [1.6, 1.7]
SLF4J: See http://www.slf4j.org/codes.html#version_mismatch for further details.
]]></system-err>
</testsuite>
