<?xml version="1.0" encoding="UTF-8"?>
<testsuite name="com.currenciesdirect.gtg.compliance.sanction.core.domain.SanctionGetStatusResponseTest" tests="8" skipped="0" failures="0" errors="0" timestamp="2024-02-04T17:37:45" hostname="ROHINIKHOD" time="0.005">
  <properties/>
  <testcase name="testSetErrorCode" classname="com.currenciesdirect.gtg.compliance.sanction.core.domain.SanctionGetStatusResponseTest" time="0.003"/>
  <testcase name="testGetErrorDescription" classname="com.currenciesdirect.gtg.compliance.sanction.core.domain.SanctionGetStatusResponseTest" time="0.0"/>
  <testcase name="testGetId" classname="com.currenciesdirect.gtg.compliance.sanction.core.domain.SanctionGetStatusResponseTest" time="0.0"/>
  <testcase name="testSetId" classname="com.currenciesdirect.gtg.compliance.sanction.core.domain.SanctionGetStatusResponseTest" time="0.0"/>
  <testcase name="testSetApplicationId" classname="com.currenciesdirect.gtg.compliance.sanction.core.domain.SanctionGetStatusResponseTest" time="0.0"/>
  <testcase name="testGetApplicationId" classname="com.currenciesdirect.gtg.compliance.sanction.core.domain.SanctionGetStatusResponseTest" time="0.0"/>
  <testcase name="testGetErrorCode" classname="com.currenciesdirect.gtg.compliance.sanction.core.domain.SanctionGetStatusResponseTest" time="0.0"/>
  <testcase name="testSetErrorDescription" classname="com.currenciesdirect.gtg.compliance.sanction.core.domain.SanctionGetStatusResponseTest" time="0.001"/>
  <system-out><![CDATA[]]></system-out>
  <system-err><![CDATA[]]></system-err>
</testsuite>
