<?xml version="1.0" encoding="UTF-8"?>
<testsuite name="com.currenciesdirect.gtg.compliance.sanction.core.domain.SanctionGetStatusRequestTest" tests="4" skipped="0" failures="0" errors="0" timestamp="2024-02-04T17:37:45" hostname="ROHINIKHOD" time="0.012">
  <properties/>
  <testcase name="testGetId" classname="com.currenciesdirect.gtg.compliance.sanction.core.domain.SanctionGetStatusRequestTest" time="0.011"/>
  <testcase name="testSetId" classname="com.currenciesdirect.gtg.compliance.sanction.core.domain.SanctionGetStatusRequestTest" time="0.001"/>
  <testcase name="testSetApplicationId" classname="com.currenciesdirect.gtg.compliance.sanction.core.domain.SanctionGetStatusRequestTest" time="0.0"/>
  <testcase name="testGetApplicationId" classname="com.currenciesdirect.gtg.compliance.sanction.core.domain.SanctionGetStatusRequestTest" time="0.0"/>
  <system-out><![CDATA[]]></system-out>
  <system-err><![CDATA[]]></system-err>
</testsuite>
